2019-02-16 00:21:37 INFO  cic.cs.unb.ca.jnetpcap.worker.TrafficFlowWorker    Pcap is listening...
2019-02-16 00:23:07 DEBUG cic.cs.unb.ca.jnetpcap.FlowGenerator    FlagFIN current has 47 flow
2019-02-16 00:23:07 DEBUG cic.cs.unb.ca.jnetpcap.FlowGenerator    FlagFIN current has 49 flow
2019-02-16 00:23:07 DEBUG cic.cs.unb.ca.jnetpcap.FlowGenerator    FlagFIN current has 49 flow
2019-02-16 00:23:07 DEBUG cic.cs.unb.ca.jnetpcap.FlowGenerator    FlagFIN current has 49 flow
2019-02-16 00:23:07 DEBUG cic.cs.unb.ca.jnetpcap.FlowGenerator    FlagFIN current has 49 flow
2019-02-16 00:23:07 DEBUG cic.cs.unb.ca.jnetpcap.FlowGenerator    FlagFIN current has 49 flow
2019-02-16 00:23:07 DEBUG cic.cs.unb.ca.jnetpcap.FlowGenerator    FlagFIN current has 48 flow
2019-02-16 00:23:37 DEBUG cic.cs.unb.ca.jnetpcap.FlowGenerator    FlagFIN current has 71 flow
2019-02-16 00:24:39 DEBUG cic.cs.unb.ca.jnetpcap.FlowGenerator    FlagFIN current has 71 flow
2019-02-16 00:24:39 DEBUG cic.cs.unb.ca.jnetpcap.FlowGenerator    FlagFIN current has 71 flow
2019-02-16 00:24:39 DEBUG cic.cs.unb.ca.jnetpcap.FlowGenerator    FlagFIN current has 71 flow
2019-02-16 00:24:39 DEBUG cic.cs.unb.ca.jnetpcap.FlowGenerator    FlagFIN current has 71 flow
2019-02-16 00:24:39 DEBUG cic.cs.unb.ca.jnetpcap.FlowGenerator    FlagFIN current has 71 flow
2019-02-16 00:24:39 DEBUG cic.cs.unb.ca.jnetpcap.FlowGenerator    FlagFIN current has 71 flow
2019-02-16 00:24:39 DEBUG cic.cs.unb.ca.jnetpcap.FlowGenerator    FlagFIN current has 71 flow
2019-02-16 00:24:39 DEBUG cic.cs.unb.ca.jnetpcap.FlowGenerator    FlagFIN current has 72 flow
2019-02-16 00:24:39 DEBUG cic.cs.unb.ca.jnetpcap.FlowGenerator    FlagFIN current has 71 flow
2019-02-16 00:24:39 DEBUG cic.cs.unb.ca.jnetpcap.FlowGenerator    FlagFIN current has 73 flow
2019-02-16 00:24:39 DEBUG cic.cs.unb.ca.jnetpcap.FlowGenerator    FlagFIN current has 72 flow
2019-02-16 00:24:46 DEBUG cic.cs.unb.ca.jnetpcap.FlowGenerator    FlagFIN current has 79 flow
2019-02-16 00:24:46 DEBUG cic.cs.unb.ca.jnetpcap.FlowGenerator    FlagFIN current has 78 flow
2019-02-16 00:24:54 DEBUG cic.cs.unb.ca.jnetpcap.FlowGenerator    FlagFIN current has 99 flow
2019-02-16 00:24:54 DEBUG cic.cs.unb.ca.jnetpcap.FlowGenerator    FlagFIN current has 99 flow
2019-02-16 00:24:54 DEBUG cic.cs.unb.ca.jnetpcap.FlowGenerator    FlagFIN current has 99 flow
2019-02-16 00:24:59 DEBUG cic.cs.unb.ca.jnetpcap.FlowGenerator    FlagFIN current has 111 flow
2019-02-16 00:24:59 DEBUG cic.cs.unb.ca.jnetpcap.FlowGenerator    FlagFIN current has 111 flow
2019-02-16 00:25:00 DEBUG cic.cs.unb.ca.jnetpcap.FlowGenerator    FlagFIN current has 111 flow
2019-02-16 00:25:02 DEBUG cic.cs.unb.ca.jnetpcap.FlowGenerator    FlagFIN current has 111 flow
2019-02-16 00:25:03 DEBUG cic.cs.unb.ca.jnetpcap.FlowGenerator    FlagFIN current has 111 flow
2019-02-16 00:25:03 DEBUG cic.cs.unb.ca.jnetpcap.FlowGenerator    FlagFIN current has 110 flow
2019-02-16 00:25:03 DEBUG cic.cs.unb.ca.jnetpcap.FlowGenerator    FlagFIN current has 109 flow
2019-02-16 00:25:07 DEBUG cic.cs.unb.ca.jnetpcap.FlowGenerator    FlagFIN current has 109 flow
2019-02-16 00:25:07 DEBUG cic.cs.unb.ca.jnetpcap.FlowGenerator    FlagFIN current has 109 flow
2019-02-16 00:25:09 DEBUG cic.cs.unb.ca.jnetpcap.FlowGenerator    FlagFIN current has 109 flow
2019-02-16 00:25:47 DEBUG cic.cs.unb.ca.jnetpcap.FlowGenerator    FlagFIN current has 112 flow
2019-02-16 00:25:47 DEBUG cic.cs.unb.ca.jnetpcap.FlowGenerator    FlagFIN current has 111 flow
2019-02-16 00:25:47 DEBUG cic.cs.unb.ca.jnetpcap.FlowGenerator    FlagFIN current has 110 flow
2019-02-16 00:25:47 DEBUG cic.cs.unb.ca.jnetpcap.FlowGenerator    FlagFIN current has 109 flow
2019-02-16 00:25:47 DEBUG cic.cs.unb.ca.jnetpcap.FlowGenerator    FlagFIN current has 108 flow
2019-02-16 00:25:47 DEBUG cic.cs.unb.ca.jnetpcap.FlowGenerator    FlagFIN current has 107 flow
2019-02-16 00:25:47 DEBUG cic.cs.unb.ca.jnetpcap.FlowGenerator    FlagFIN current has 106 flow
2019-02-16 00:26:48 DEBUG cic.cs.unb.ca.jnetpcap.FlowGenerator    FlagFIN current has 113 flow
2019-02-16 00:26:48 DEBUG cic.cs.unb.ca.jnetpcap.FlowGenerator    FlagFIN current has 116 flow
2019-02-16 00:26:48 DEBUG cic.cs.unb.ca.jnetpcap.FlowGenerator    FlagFIN current has 117 flow
2019-02-16 00:26:48 DEBUG cic.cs.unb.ca.jnetpcap.FlowGenerator    FlagFIN current has 116 flow
2019-02-16 00:26:48 DEBUG cic.cs.unb.ca.jnetpcap.FlowGenerator    FlagFIN current has 115 flow
2019-02-16 00:26:48 DEBUG cic.cs.unb.ca.jnetpcap.FlowGenerator    FlagFIN current has 114 flow
2019-02-16 00:26:48 DEBUG cic.cs.unb.ca.jnetpcap.FlowGenerator    FlagFIN current has 113 flow
2019-02-16 00:26:48 DEBUG cic.cs.unb.ca.jnetpcap.FlowGenerator    FlagFIN current has 113 flow
2019-02-16 00:26:48 DEBUG cic.cs.unb.ca.jnetpcap.FlowGenerator    FlagFIN current has 113 flow
2019-02-16 00:26:48 DEBUG cic.cs.unb.ca.jnetpcap.FlowGenerator    FlagFIN current has 114 flow
2019-02-16 00:26:48 DEBUG cic.cs.unb.ca.jnetpcap.FlowGenerator    FlagFIN current has 117 flow
2019-02-16 00:26:48 DEBUG cic.cs.unb.ca.jnetpcap.FlowGenerator    FlagFIN current has 116 flow
2019-02-16 00:26:48 DEBUG cic.cs.unb.ca.jnetpcap.FlowGenerator    FlagFIN current has 115 flow
2019-02-16 00:26:48 DEBUG cic.cs.unb.ca.jnetpcap.FlowGenerator    FlagFIN current has 115 flow
2019-02-16 00:26:48 DEBUG cic.cs.unb.ca.jnetpcap.FlowGenerator    FlagFIN current has 114 flow
2019-02-16 00:26:48 DEBUG cic.cs.unb.ca.jnetpcap.FlowGenerator    FlagFIN current has 113 flow
2019-02-16 00:26:48 DEBUG cic.cs.unb.ca.jnetpcap.FlowGenerator    FlagFIN current has 113 flow
2019-02-16 00:26:48 DEBUG cic.cs.unb.ca.jnetpcap.FlowGenerator    FlagFIN current has 113 flow
2019-02-16 00:26:48 DEBUG cic.cs.unb.ca.jnetpcap.FlowGenerator    FlagFIN current has 112 flow
2019-02-16 00:26:48 DEBUG cic.cs.unb.ca.jnetpcap.FlowGenerator    FlagFIN current has 112 flow
2019-02-16 00:26:48 DEBUG cic.cs.unb.ca.jnetpcap.FlowGenerator    FlagFIN current has 116 flow
2019-02-16 00:26:48 DEBUG cic.cs.unb.ca.jnetpcap.FlowGenerator    FlagFIN current has 115 flow
2019-02-16 00:26:48 DEBUG cic.cs.unb.ca.jnetpcap.FlowGenerator    FlagFIN current has 114 flow
2019-02-16 00:27:17 INFO  cic.cs.unb.ca.flow.ui.FlowMonitorPane    Pcap stop listening
2019-02-16 00:27:17 INFO  cic.cs.unb.ca.flow.ui.FlowMonitorPane    path:/home/adityauj/module/bin/data/daily/2019-02-16_Flow.csv
2019-02-16 00:27:20 INFO  cic.cs.unb.ca.jnetpcap.worker.TrafficFlowWorker    Pcap is listening...
2019-02-16 00:27:50 DEBUG cic.cs.unb.ca.jnetpcap.worker.TrafficFlowWorker    break Packet loop
2019-02-16 00:27:51 INFO  cic.cs.unb.ca.flow.ui.FlowMonitorPane    Pcap stop listening
2019-02-16 00:27:51 INFO  cic.cs.unb.ca.flow.ui.FlowMonitorPane    path:/home/adityauj/module/bin/data/daily/2019-02-16_Flow.csv
2019-02-16 00:30:05 INFO  cic.cs.unb.ca.jnetpcap.worker.TrafficFlowWorker    Pcap is listening...
2019-02-16 00:31:06 DEBUG cic.cs.unb.ca.jnetpcap.FlowGenerator    FlagFIN current has 5 flow
2019-02-16 00:31:06 DEBUG cic.cs.unb.ca.jnetpcap.FlowGenerator    FlagFIN current has 4 flow
2019-02-16 00:31:11 DEBUG cic.cs.unb.ca.jnetpcap.FlowGenerator    FlagFIN current has 49 flow
2019-02-16 00:31:11 DEBUG cic.cs.unb.ca.jnetpcap.FlowGenerator    FlagFIN current has 48 flow
2019-02-16 00:31:11 DEBUG cic.cs.unb.ca.jnetpcap.FlowGenerator    FlagFIN current has 47 flow
2019-02-16 00:31:11 DEBUG cic.cs.unb.ca.jnetpcap.FlowGenerator    FlagFIN current has 46 flow
2019-02-16 00:31:11 DEBUG cic.cs.unb.ca.jnetpcap.FlowGenerator    FlagFIN current has 45 flow
2019-02-16 00:31:11 DEBUG cic.cs.unb.ca.jnetpcap.FlowGenerator    FlagFIN current has 44 flow
2019-02-16 00:31:11 DEBUG cic.cs.unb.ca.jnetpcap.FlowGenerator    FlagFIN current has 48 flow
2019-02-16 00:31:11 DEBUG cic.cs.unb.ca.jnetpcap.FlowGenerator    FlagFIN current has 49 flow
2019-02-16 00:31:11 DEBUG cic.cs.unb.ca.jnetpcap.FlowGenerator    FlagFIN current has 49 flow
2019-02-16 00:31:37 DEBUG cic.cs.unb.ca.jnetpcap.FlowGenerator    FlagFIN current has 56 flow
2019-02-16 00:31:37 DEBUG cic.cs.unb.ca.jnetpcap.FlowGenerator    FlagFIN current has 56 flow
2019-02-16 00:31:37 DEBUG cic.cs.unb.ca.jnetpcap.FlowGenerator    FlagFIN current has 56 flow
2019-02-16 00:31:37 DEBUG cic.cs.unb.ca.jnetpcap.FlowGenerator    FlagFIN current has 56 flow
2019-02-16 00:31:37 DEBUG cic.cs.unb.ca.jnetpcap.FlowGenerator    FlagFIN current has 56 flow
2019-02-16 00:31:37 DEBUG cic.cs.unb.ca.jnetpcap.FlowGenerator    FlagFIN current has 55 flow
2019-02-16 00:31:37 DEBUG cic.cs.unb.ca.jnetpcap.FlowGenerator    FlagFIN current has 54 flow
2019-02-16 00:31:37 DEBUG cic.cs.unb.ca.jnetpcap.FlowGenerator    FlagFIN current has 53 flow
2019-02-16 00:31:37 DEBUG cic.cs.unb.ca.jnetpcap.FlowGenerator    FlagFIN current has 52 flow
2019-02-16 00:31:37 DEBUG cic.cs.unb.ca.jnetpcap.FlowGenerator    FlagFIN current has 54 flow
2019-02-16 00:31:37 DEBUG cic.cs.unb.ca.jnetpcap.FlowGenerator    FlagFIN current has 56 flow
2019-02-16 00:31:37 DEBUG cic.cs.unb.ca.jnetpcap.FlowGenerator    FlagFIN current has 57 flow
2019-02-16 00:32:02 DEBUG cic.cs.unb.ca.jnetpcap.FlowGenerator    FlagFIN current has 57 flow
2019-02-16 00:32:06 DEBUG cic.cs.unb.ca.jnetpcap.FlowGenerator    FlagFIN current has 77 flow
2019-02-16 00:32:11 DEBUG cic.cs.unb.ca.jnetpcap.FlowGenerator    FlagFIN current has 91 flow
2019-02-16 00:32:11 DEBUG cic.cs.unb.ca.jnetpcap.FlowGenerator    FlagFIN current has 91 flow
2019-02-16 00:32:11 DEBUG cic.cs.unb.ca.jnetpcap.FlowGenerator    FlagFIN current has 91 flow
2019-02-16 00:32:15 DEBUG cic.cs.unb.ca.jnetpcap.FlowGenerator    FlagFIN current has 91 flow
2019-02-16 00:32:15 DEBUG cic.cs.unb.ca.jnetpcap.FlowGenerator    FlagFIN current has 94 flow
2019-02-16 00:32:15 DEBUG cic.cs.unb.ca.jnetpcap.FlowGenerator    FlagFIN current has 94 flow
2019-02-16 00:32:22 INFO  cic.cs.unb.ca.flow.ui.FlowMonitorPane    Pcap stop listening
2019-02-16 00:32:22 INFO  cic.cs.unb.ca.flow.ui.FlowMonitorPane    path:/home/adityauj/module/bin/data/daily/2019-02-16_Flow.csv
2019-02-16 09:03:51 INFO  cic.cs.unb.ca.jnetpcap.worker.TrafficFlowWorker    Pcap is listening...
2019-02-16 09:05:07 INFO  cic.cs.unb.ca.flow.ui.FlowMonitorPane    Pcap stop listening
2019-02-16 09:05:07 INFO  cic.cs.unb.ca.flow.ui.FlowMonitorPane    path:/home/adityauj/module/bin/data/daily/2019-02-16_Flow.csv
2019-02-16 09:05:53 DEBUG cic.cs.unb.ca.jnetpcap.worker.TrafficFlowWorker    break Packet loop
2019-02-16 09:06:16 INFO  cic.cs.unb.ca.jnetpcap.worker.TrafficFlowWorker    Pcap is listening...
2019-02-16 09:06:58 DEBUG cic.cs.unb.ca.jnetpcap.FlowGenerator    FlagFIN current has 28 flow
2019-02-16 09:07:46 DEBUG cic.cs.unb.ca.jnetpcap.FlowGenerator    FlagFIN current has 175 flow
2019-02-16 09:07:46 DEBUG cic.cs.unb.ca.jnetpcap.FlowGenerator    FlagFIN current has 175 flow
2019-02-16 09:07:46 DEBUG cic.cs.unb.ca.jnetpcap.FlowGenerator    FlagFIN current has 175 flow
2019-02-16 09:07:46 DEBUG cic.cs.unb.ca.jnetpcap.FlowGenerator    FlagFIN current has 174 flow
2019-02-16 09:07:47 DEBUG cic.cs.unb.ca.jnetpcap.FlowGenerator    FlagFIN current has 175 flow
2019-02-16 09:07:47 DEBUG cic.cs.unb.ca.jnetpcap.FlowGenerator    FlagFIN current has 174 flow
2019-02-16 09:07:47 DEBUG cic.cs.unb.ca.jnetpcap.FlowGenerator    FlagFIN current has 175 flow
2019-02-16 09:08:02 DEBUG cic.cs.unb.ca.jnetpcap.FlowGenerator    FlagFIN current has 178 flow
2019-02-16 09:08:02 DEBUG cic.cs.unb.ca.jnetpcap.FlowGenerator    FlagFIN current has 178 flow
2019-02-16 09:08:02 DEBUG cic.cs.unb.ca.jnetpcap.FlowGenerator    FlagFIN current has 181 flow
2019-02-16 09:08:02 DEBUG cic.cs.unb.ca.jnetpcap.FlowGenerator    FlagFIN current has 181 flow
2019-02-16 09:08:02 DEBUG cic.cs.unb.ca.jnetpcap.FlowGenerator    FlagFIN current has 183 flow
2019-02-16 09:08:02 DEBUG cic.cs.unb.ca.jnetpcap.FlowGenerator    FlagFIN current has 183 flow
2019-02-16 09:08:26 DEBUG cic.cs.unb.ca.jnetpcap.FlowGenerator    FlagFIN current has 216 flow
2019-02-16 09:08:26 DEBUG cic.cs.unb.ca.jnetpcap.FlowGenerator    FlagFIN current has 216 flow
2019-02-16 11:35:37 INFO  cic.cs.unb.ca.jnetpcap.worker.TrafficFlowWorker    Pcap is listening...
2019-02-16 11:35:53 DEBUG cic.cs.unb.ca.jnetpcap.FlowGenerator    FlagFIN current has 43 flow
2019-02-16 11:36:46 DEBUG cic.cs.unb.ca.jnetpcap.FlowGenerator    FlagFIN current has 172 flow
2019-02-16 11:36:46 DEBUG cic.cs.unb.ca.jnetpcap.FlowGenerator    FlagFIN current has 174 flow
2019-02-16 11:36:46 DEBUG cic.cs.unb.ca.jnetpcap.FlowGenerator    FlagFIN current has 174 flow
2019-02-16 11:38:00 DEBUG cic.cs.unb.ca.jnetpcap.FlowGenerator    FlagFIN current has 248 flow
2019-02-16 11:38:00 DEBUG cic.cs.unb.ca.jnetpcap.FlowGenerator    FlagFIN current has 318 flow
2019-02-16 11:38:00 DEBUG cic.cs.unb.ca.jnetpcap.FlowGenerator    FlagFIN current has 319 flow
2019-02-16 11:38:49 DEBUG cic.cs.unb.ca.jnetpcap.FlowGenerator    FlagFIN current has 339 flow
2019-02-16 11:38:49 DEBUG cic.cs.unb.ca.jnetpcap.FlowGenerator    FlagFIN current has 340 flow
2019-02-16 11:38:49 DEBUG cic.cs.unb.ca.jnetpcap.FlowGenerator    FlagFIN current has 342 flow
2019-02-16 11:38:49 DEBUG cic.cs.unb.ca.jnetpcap.FlowGenerator    FlagFIN current has 341 flow
2019-02-16 11:38:49 DEBUG cic.cs.unb.ca.jnetpcap.FlowGenerator    FlagFIN current has 342 flow
2019-02-16 11:38:49 DEBUG cic.cs.unb.ca.jnetpcap.FlowGenerator    FlagFIN current has 341 flow
2019-02-16 11:38:49 DEBUG cic.cs.unb.ca.jnetpcap.FlowGenerator    FlagFIN current has 341 flow
2019-02-16 11:38:49 DEBUG cic.cs.unb.ca.jnetpcap.FlowGenerator    FlagFIN current has 341 flow
2019-02-16 11:38:49 DEBUG cic.cs.unb.ca.jnetpcap.FlowGenerator    FlagFIN current has 342 flow
2019-02-16 11:38:49 DEBUG cic.cs.unb.ca.jnetpcap.FlowGenerator    Timeout current has 350 flow
2019-02-16 11:38:49 DEBUG cic.cs.unb.ca.jnetpcap.FlowGenerator    FlagFIN current has 385 flow
2019-02-16 11:38:50 DEBUG cic.cs.unb.ca.jnetpcap.FlowGenerator    FlagFIN current has 412 flow
2019-02-16 11:39:50 DEBUG cic.cs.unb.ca.jnetpcap.FlowGenerator    FlagFIN current has 443 flow
2019-02-16 11:39:50 DEBUG cic.cs.unb.ca.jnetpcap.FlowGenerator    Timeout current has 450 flow
2019-02-16 11:39:50 DEBUG cic.cs.unb.ca.jnetpcap.FlowGenerator    Timeout current has 450 flow
2019-02-16 11:39:50 DEBUG cic.cs.unb.ca.jnetpcap.FlowGenerator    Timeout current has 450 flow
2019-02-16 11:39:50 DEBUG cic.cs.unb.ca.jnetpcap.FlowGenerator    Timeout current has 450 flow
2019-02-16 11:39:50 DEBUG cic.cs.unb.ca.jnetpcap.FlowGenerator    Timeout current has 450 flow
2019-02-16 11:39:50 DEBUG cic.cs.unb.ca.jnetpcap.FlowGenerator    Timeout current has 450 flow
2019-02-16 11:39:50 DEBUG cic.cs.unb.ca.jnetpcap.FlowGenerator    FlagFIN current has 452 flow
2019-02-16 11:39:50 DEBUG cic.cs.unb.ca.jnetpcap.FlowGenerator    FlagFIN current has 479 flow
2019-02-16 11:39:50 DEBUG cic.cs.unb.ca.jnetpcap.FlowGenerator    Timeout current has 500 flow
2019-02-16 11:39:50 DEBUG cic.cs.unb.ca.jnetpcap.FlowGenerator    Timeout current has 500 flow
2019-02-16 11:39:50 DEBUG cic.cs.unb.ca.jnetpcap.FlowGenerator    Timeout current has 500 flow
2019-02-16 11:39:50 DEBUG cic.cs.unb.ca.jnetpcap.FlowGenerator    FlagFIN current has 502 flow
2019-02-16 11:40:51 DEBUG cic.cs.unb.ca.jnetpcap.FlowGenerator    FlagFIN current has 530 flow
2019-02-16 11:40:51 DEBUG cic.cs.unb.ca.jnetpcap.FlowGenerator    FlagFIN current has 529 flow
2019-02-16 11:40:51 DEBUG cic.cs.unb.ca.jnetpcap.FlowGenerator    FlagFIN current has 529 flow
2019-02-16 11:40:51 DEBUG cic.cs.unb.ca.jnetpcap.FlowGenerator    FlagFIN current has 528 flow
2019-02-16 11:40:51 DEBUG cic.cs.unb.ca.jnetpcap.FlowGenerator    FlagFIN current has 527 flow
2019-02-16 11:40:51 DEBUG cic.cs.unb.ca.jnetpcap.FlowGenerator    FlagFIN current has 526 flow
2019-02-16 11:40:51 DEBUG cic.cs.unb.ca.jnetpcap.FlowGenerator    FlagFIN current has 526 flow
2019-02-16 11:40:51 DEBUG cic.cs.unb.ca.jnetpcap.FlowGenerator    FlagFIN current has 525 flow
2019-02-16 11:40:51 DEBUG cic.cs.unb.ca.jnetpcap.FlowGenerator    FlagFIN current has 524 flow
2019-02-16 11:40:51 DEBUG cic.cs.unb.ca.jnetpcap.FlowGenerator    FlagFIN current has 523 flow
2019-02-16 11:40:51 DEBUG cic.cs.unb.ca.jnetpcap.FlowGenerator    FlagFIN current has 526 flow
2019-02-16 11:40:51 DEBUG cic.cs.unb.ca.jnetpcap.FlowGenerator    FlagFIN current has 525 flow
2019-02-16 11:40:51 DEBUG cic.cs.unb.ca.jnetpcap.FlowGenerator    FlagFIN current has 524 flow
2019-02-16 11:40:51 DEBUG cic.cs.unb.ca.jnetpcap.FlowGenerator    FlagFIN current has 523 flow
2019-02-16 11:40:51 DEBUG cic.cs.unb.ca.jnetpcap.FlowGenerator    FlagFIN current has 522 flow
2019-02-16 11:40:51 DEBUG cic.cs.unb.ca.jnetpcap.FlowGenerator    FlagFIN current has 525 flow
2019-02-16 11:40:51 DEBUG cic.cs.unb.ca.jnetpcap.FlowGenerator    FlagFIN current has 524 flow
2019-02-16 11:40:51 DEBUG cic.cs.unb.ca.jnetpcap.FlowGenerator    FlagFIN current has 523 flow
2019-02-16 11:40:51 DEBUG cic.cs.unb.ca.jnetpcap.FlowGenerator    FlagFIN current has 522 flow
2019-02-16 11:40:51 DEBUG cic.cs.unb.ca.jnetpcap.FlowGenerator    FlagFIN current has 522 flow
2019-02-16 11:40:51 DEBUG cic.cs.unb.ca.jnetpcap.FlowGenerator    FlagFIN current has 523 flow
2019-02-16 11:40:51 DEBUG cic.cs.unb.ca.jnetpcap.FlowGenerator    FlagFIN current has 522 flow
2019-02-16 11:40:51 DEBUG cic.cs.unb.ca.jnetpcap.FlowGenerator    FlagFIN current has 522 flow
2019-02-16 11:40:51 DEBUG cic.cs.unb.ca.jnetpcap.FlowGenerator    FlagFIN current has 521 flow
2019-02-16 11:40:51 DEBUG cic.cs.unb.ca.jnetpcap.FlowGenerator    FlagFIN current has 520 flow
2019-02-16 11:40:51 DEBUG cic.cs.unb.ca.jnetpcap.FlowGenerator    FlagFIN current has 519 flow
2019-02-16 11:40:51 DEBUG cic.cs.unb.ca.jnetpcap.FlowGenerator    FlagFIN current has 518 flow
2019-02-16 11:40:51 DEBUG cic.cs.unb.ca.jnetpcap.FlowGenerator    FlagFIN current has 517 flow
2019-02-16 11:40:51 DEBUG cic.cs.unb.ca.jnetpcap.FlowGenerator    FlagFIN current has 516 flow
2019-02-16 11:40:51 DEBUG cic.cs.unb.ca.jnetpcap.FlowGenerator    FlagFIN current has 515 flow
2019-02-16 11:40:51 DEBUG cic.cs.unb.ca.jnetpcap.FlowGenerator    FlagFIN current has 520 flow
2019-02-16 11:41:52 DEBUG cic.cs.unb.ca.jnetpcap.FlowGenerator    FlagFIN current has 572 flow
2019-02-16 11:41:53 DEBUG cic.cs.unb.ca.jnetpcap.FlowGenerator    FlagFIN current has 591 flow
2019-02-16 11:41:53 DEBUG cic.cs.unb.ca.jnetpcap.FlowGenerator    FlagFIN current has 591 flow
2019-02-16 11:41:53 DEBUG cic.cs.unb.ca.jnetpcap.FlowGenerator    FlagFIN current has 590 flow
2019-02-16 11:41:53 DEBUG cic.cs.unb.ca.jnetpcap.FlowGenerator    FlagFIN current has 589 flow
2019-02-16 11:41:53 DEBUG cic.cs.unb.ca.jnetpcap.FlowGenerator    FlagFIN current has 588 flow
2019-02-16 11:41:53 DEBUG cic.cs.unb.ca.jnetpcap.FlowGenerator    FlagFIN current has 587 flow
2019-02-16 11:41:53 DEBUG cic.cs.unb.ca.jnetpcap.FlowGenerator    FlagFIN current has 586 flow
2019-02-16 11:41:53 DEBUG cic.cs.unb.ca.jnetpcap.FlowGenerator    FlagFIN current has 585 flow
2019-02-16 11:41:53 DEBUG cic.cs.unb.ca.jnetpcap.FlowGenerator    FlagFIN current has 584 flow
2019-02-16 11:41:53 DEBUG cic.cs.unb.ca.jnetpcap.FlowGenerator    FlagFIN current has 583 flow
2019-02-16 11:41:53 DEBUG cic.cs.unb.ca.jnetpcap.FlowGenerator    FlagFIN current has 582 flow
2019-02-16 11:41:53 DEBUG cic.cs.unb.ca.jnetpcap.FlowGenerator    FlagFIN current has 581 flow
2019-02-16 11:41:53 DEBUG cic.cs.unb.ca.jnetpcap.FlowGenerator    FlagFIN current has 593 flow
2019-02-16 11:41:53 DEBUG cic.cs.unb.ca.jnetpcap.FlowGenerator    FlagFIN current has 592 flow
2019-02-16 11:41:53 DEBUG cic.cs.unb.ca.jnetpcap.FlowGenerator    FlagFIN current has 591 flow
2019-02-16 11:41:53 DEBUG cic.cs.unb.ca.jnetpcap.FlowGenerator    FlagFIN current has 590 flow
2019-02-16 11:41:53 DEBUG cic.cs.unb.ca.jnetpcap.FlowGenerator    FlagFIN current has 589 flow
2019-02-16 11:41:53 DEBUG cic.cs.unb.ca.jnetpcap.FlowGenerator    FlagFIN current has 588 flow
2019-02-16 11:41:53 DEBUG cic.cs.unb.ca.jnetpcap.FlowGenerator    FlagFIN current has 587 flow
2019-02-16 11:41:53 DEBUG cic.cs.unb.ca.jnetpcap.FlowGenerator    FlagFIN current has 586 flow
2019-02-16 11:41:53 DEBUG cic.cs.unb.ca.jnetpcap.FlowGenerator    FlagFIN current has 585 flow
2019-02-16 11:41:53 DEBUG cic.cs.unb.ca.jnetpcap.FlowGenerator    FlagFIN current has 584 flow
2019-02-16 11:41:53 DEBUG cic.cs.unb.ca.jnetpcap.FlowGenerator    FlagFIN current has 583 flow
2019-02-16 11:41:53 DEBUG cic.cs.unb.ca.jnetpcap.FlowGenerator    FlagFIN current has 594 flow
2019-02-16 11:41:53 DEBUG cic.cs.unb.ca.jnetpcap.FlowGenerator    FlagFIN current has 593 flow
2019-02-16 11:41:53 DEBUG cic.cs.unb.ca.jnetpcap.FlowGenerator    FlagFIN current has 592 flow
2019-02-16 11:41:53 DEBUG cic.cs.unb.ca.jnetpcap.FlowGenerator    FlagFIN current has 591 flow
2019-02-16 11:41:53 DEBUG cic.cs.unb.ca.jnetpcap.FlowGenerator    FlagFIN current has 590 flow
2019-02-16 11:41:53 DEBUG cic.cs.unb.ca.jnetpcap.FlowGenerator    FlagFIN current has 589 flow
2019-02-16 11:41:53 DEBUG cic.cs.unb.ca.jnetpcap.FlowGenerator    FlagFIN current has 588 flow
2019-02-16 11:41:53 DEBUG cic.cs.unb.ca.jnetpcap.FlowGenerator    FlagFIN current has 587 flow
2019-02-16 11:41:53 DEBUG cic.cs.unb.ca.jnetpcap.FlowGenerator    FlagFIN current has 586 flow
2019-02-16 11:41:53 DEBUG cic.cs.unb.ca.jnetpcap.FlowGenerator    FlagFIN current has 585 flow
2019-02-16 11:41:53 DEBUG cic.cs.unb.ca.jnetpcap.FlowGenerator    FlagFIN current has 584 flow
2019-02-16 11:42:54 DEBUG cic.cs.unb.ca.jnetpcap.FlowGenerator    FlagFIN current has 600 flow
2019-02-16 11:42:54 DEBUG cic.cs.unb.ca.jnetpcap.FlowGenerator    FlagFIN current has 599 flow
2019-02-16 11:42:54 DEBUG cic.cs.unb.ca.jnetpcap.FlowGenerator    FlagFIN current has 598 flow
2019-02-16 11:42:54 DEBUG cic.cs.unb.ca.jnetpcap.FlowGenerator    FlagFIN current has 597 flow
2019-02-16 11:42:54 DEBUG cic.cs.unb.ca.jnetpcap.FlowGenerator    FlagFIN current has 596 flow
2019-02-16 11:42:54 DEBUG cic.cs.unb.ca.jnetpcap.FlowGenerator    FlagFIN current has 595 flow
2019-02-16 11:42:54 DEBUG cic.cs.unb.ca.jnetpcap.FlowGenerator    FlagFIN current has 594 flow
2019-02-16 11:42:54 DEBUG cic.cs.unb.ca.jnetpcap.FlowGenerator    FlagFIN current has 593 flow
2019-02-16 11:42:54 DEBUG cic.cs.unb.ca.jnetpcap.FlowGenerator    FlagFIN current has 592 flow
2019-02-16 11:42:54 DEBUG cic.cs.unb.ca.jnetpcap.FlowGenerator    FlagFIN current has 591 flow
2019-02-16 11:42:54 DEBUG cic.cs.unb.ca.jnetpcap.FlowGenerator    FlagFIN current has 590 flow
2019-02-16 11:42:54 DEBUG cic.cs.unb.ca.jnetpcap.FlowGenerator    FlagFIN current has 613 flow
2019-02-16 11:42:54 DEBUG cic.cs.unb.ca.jnetpcap.FlowGenerator    FlagFIN current has 613 flow
2019-02-16 11:42:54 DEBUG cic.cs.unb.ca.jnetpcap.FlowGenerator    FlagFIN current has 615 flow
2019-02-16 11:42:54 DEBUG cic.cs.unb.ca.jnetpcap.FlowGenerator    FlagFIN current has 614 flow
2019-02-16 11:42:54 DEBUG cic.cs.unb.ca.jnetpcap.FlowGenerator    FlagFIN current has 613 flow
2019-02-16 11:42:54 DEBUG cic.cs.unb.ca.jnetpcap.FlowGenerator    FlagFIN current has 612 flow
2019-02-16 11:42:54 DEBUG cic.cs.unb.ca.jnetpcap.FlowGenerator    FlagFIN current has 611 flow
2019-02-16 11:42:54 DEBUG cic.cs.unb.ca.jnetpcap.FlowGenerator    FlagFIN current has 610 flow
2019-02-16 11:42:54 DEBUG cic.cs.unb.ca.jnetpcap.FlowGenerator    FlagFIN current has 609 flow
2019-02-16 11:42:54 DEBUG cic.cs.unb.ca.jnetpcap.FlowGenerator    FlagFIN current has 608 flow
2019-02-16 11:42:54 DEBUG cic.cs.unb.ca.jnetpcap.FlowGenerator    FlagFIN current has 607 flow
2019-02-16 11:42:54 DEBUG cic.cs.unb.ca.jnetpcap.FlowGenerator    FlagFIN current has 606 flow
2019-02-16 11:42:54 DEBUG cic.cs.unb.ca.jnetpcap.FlowGenerator    FlagFIN current has 605 flow
2019-02-16 11:44:53 DEBUG cic.cs.unb.ca.jnetpcap.FlowGenerator    FlagFIN current has 749 flow
2019-02-16 11:44:53 DEBUG cic.cs.unb.ca.jnetpcap.FlowGenerator    Timeout current has 750 flow
2019-02-16 11:44:53 DEBUG cic.cs.unb.ca.jnetpcap.FlowGenerator    Timeout current has 750 flow
2019-02-16 11:44:53 DEBUG cic.cs.unb.ca.jnetpcap.FlowGenerator    FlagFIN current has 765 flow
2019-02-16 11:46:55 DEBUG cic.cs.unb.ca.jnetpcap.FlowGenerator    FlagFIN current has 793 flow
2019-02-16 11:46:55 DEBUG cic.cs.unb.ca.jnetpcap.FlowGenerator    FlagFIN current has 793 flow
2019-02-16 11:47:55 DEBUG cic.cs.unb.ca.jnetpcap.FlowGenerator    Timeout current has 850 flow
2019-02-16 11:47:55 DEBUG cic.cs.unb.ca.jnetpcap.FlowGenerator    Timeout current has 850 flow
2019-02-16 11:47:55 DEBUG cic.cs.unb.ca.jnetpcap.FlowGenerator    Timeout current has 850 flow
2019-02-16 11:47:55 DEBUG cic.cs.unb.ca.jnetpcap.FlowGenerator    FlagFIN current has 900 flow
2019-02-16 11:50:58 DEBUG cic.cs.unb.ca.jnetpcap.FlowGenerator    FlagFIN current has 979 flow
2019-02-16 11:50:58 DEBUG cic.cs.unb.ca.jnetpcap.FlowGenerator    Timeout current has 1000 flow
2019-02-16 11:50:58 DEBUG cic.cs.unb.ca.jnetpcap.FlowGenerator    Timeout current has 1000 flow
2019-02-16 11:50:59 DEBUG cic.cs.unb.ca.jnetpcap.FlowGenerator    FlagFIN current has 1018 flow
2019-02-16 11:53:57 DEBUG cic.cs.unb.ca.jnetpcap.FlowGenerator    FlagFIN current has 1179 flow
2019-02-16 11:54:57 DEBUG cic.cs.unb.ca.jnetpcap.FlowGenerator    FlagFIN current has 1207 flow
2019-02-16 11:56:38 DEBUG cic.cs.unb.ca.jnetpcap.FlowGenerator    FlagFIN current has 1325 flow
2019-02-16 11:57:39 DEBUG cic.cs.unb.ca.jnetpcap.FlowGenerator    FlagFIN current has 1379 flow
2019-02-16 11:59:23 DEBUG cic.cs.unb.ca.jnetpcap.FlowGenerator    Timeout current has 1550 flow
2019-02-16 12:00:25 DEBUG cic.cs.unb.ca.jnetpcap.FlowGenerator    FlagFIN current has 1591 flow
2019-02-16 12:00:25 DEBUG cic.cs.unb.ca.jnetpcap.FlowGenerator    Timeout current has 1600 flow
2019-02-16 12:00:25 DEBUG cic.cs.unb.ca.jnetpcap.FlowGenerator    Timeout current has 1600 flow
2019-02-16 12:00:25 DEBUG cic.cs.unb.ca.jnetpcap.FlowGenerator    Timeout current has 1600 flow
2019-02-16 12:00:25 DEBUG cic.cs.unb.ca.jnetpcap.FlowGenerator    FlagFIN current has 1600 flow
2019-02-16 12:00:25 DEBUG cic.cs.unb.ca.jnetpcap.FlowGenerator    Timeout current has 1600 flow
2019-02-16 12:00:25 DEBUG cic.cs.unb.ca.jnetpcap.FlowGenerator    FlagFIN current has 1601 flow
2019-02-16 12:00:25 DEBUG cic.cs.unb.ca.jnetpcap.FlowGenerator    FlagFIN current has 1601 flow
2019-02-16 12:00:25 DEBUG cic.cs.unb.ca.jnetpcap.FlowGenerator    FlagFIN current has 1601 flow
2019-02-16 12:00:25 DEBUG cic.cs.unb.ca.jnetpcap.FlowGenerator    FlagFIN current has 1600 flow
2019-02-16 12:00:25 DEBUG cic.cs.unb.ca.jnetpcap.FlowGenerator    FlagFIN current has 1601 flow
2019-02-16 12:00:25 DEBUG cic.cs.unb.ca.jnetpcap.FlowGenerator    FlagFIN current has 1600 flow
2019-02-16 12:00:25 DEBUG cic.cs.unb.ca.jnetpcap.FlowGenerator    FlagFIN current has 1601 flow
2019-02-16 12:00:25 DEBUG cic.cs.unb.ca.jnetpcap.FlowGenerator    FlagFIN current has 1602 flow
2019-02-16 12:02:28 DEBUG cic.cs.unb.ca.jnetpcap.FlowGenerator    Timeout current has 1700 flow
2019-02-16 12:02:28 DEBUG cic.cs.unb.ca.jnetpcap.FlowGenerator    Timeout current has 1700 flow
2019-02-16 12:03:29 DEBUG cic.cs.unb.ca.jnetpcap.FlowGenerator    FlagFIN current has 1743 flow
2019-02-16 12:05:32 DEBUG cic.cs.unb.ca.jnetpcap.FlowGenerator    Timeout current has 1850 flow
2019-02-16 12:05:32 DEBUG cic.cs.unb.ca.jnetpcap.FlowGenerator    Timeout current has 1850 flow
2019-02-16 12:05:32 DEBUG cic.cs.unb.ca.jnetpcap.FlowGenerator    Timeout current has 1850 flow
2019-02-16 12:06:34 DEBUG cic.cs.unb.ca.jnetpcap.FlowGenerator    FlagFIN current has 1878 flow
2019-02-16 12:06:34 DEBUG cic.cs.unb.ca.jnetpcap.FlowGenerator    FlagFIN current has 1886 flow
2019-02-16 12:07:35 DEBUG cic.cs.unb.ca.jnetpcap.FlowGenerator    Timeout current has 1900 flow
2019-02-16 12:08:37 DEBUG cic.cs.unb.ca.jnetpcap.FlowGenerator    Timeout current has 1950 flow
2019-02-16 12:08:37 DEBUG cic.cs.unb.ca.jnetpcap.FlowGenerator    Timeout current has 1950 flow
2019-02-16 12:08:37 DEBUG cic.cs.unb.ca.jnetpcap.FlowGenerator    Timeout current has 1950 flow
2019-02-16 12:08:37 DEBUG cic.cs.unb.ca.jnetpcap.FlowGenerator    Timeout current has 1950 flow
2019-02-16 12:09:38 DEBUG cic.cs.unb.ca.jnetpcap.FlowGenerator    FlagFIN current has 1989 flow
2019-02-16 12:09:38 DEBUG cic.cs.unb.ca.jnetpcap.FlowGenerator    Timeout current has 2000 flow
2019-02-16 12:09:38 DEBUG cic.cs.unb.ca.jnetpcap.FlowGenerator    Timeout current has 2000 flow
2019-02-16 12:09:38 DEBUG cic.cs.unb.ca.jnetpcap.FlowGenerator    Timeout current has 2000 flow
2019-02-16 12:10:40 DEBUG cic.cs.unb.ca.jnetpcap.FlowGenerator    FlagFIN current has 2041 flow
2019-02-16 12:11:41 DEBUG cic.cs.unb.ca.jnetpcap.FlowGenerator    Timeout current has 2100 flow
2019-02-16 12:12:42 DEBUG cic.cs.unb.ca.jnetpcap.FlowGenerator    FlagFIN current has 2125 flow
2019-02-16 12:12:43 DEBUG cic.cs.unb.ca.jnetpcap.FlowGenerator    Timeout current has 2150 flow
2019-02-16 12:12:43 DEBUG cic.cs.unb.ca.jnetpcap.FlowGenerator    Timeout current has 2150 flow
2019-02-16 12:12:43 DEBUG cic.cs.unb.ca.jnetpcap.FlowGenerator    Timeout current has 2150 flow
2019-02-16 12:12:43 DEBUG cic.cs.unb.ca.jnetpcap.FlowGenerator    Timeout current has 2150 flow
2019-02-16 12:12:43 DEBUG cic.cs.unb.ca.jnetpcap.FlowGenerator    Timeout current has 2150 flow
2019-02-16 12:12:43 DEBUG cic.cs.unb.ca.jnetpcap.FlowGenerator    Timeout current has 2150 flow
2019-02-16 12:12:43 DEBUG cic.cs.unb.ca.jnetpcap.FlowGenerator    Timeout current has 2150 flow
2019-02-16 12:12:43 DEBUG cic.cs.unb.ca.jnetpcap.FlowGenerator    Timeout current has 2150 flow
2019-02-16 12:12:43 DEBUG cic.cs.unb.ca.jnetpcap.FlowGenerator    Timeout current has 2150 flow
2019-02-16 12:12:43 DEBUG cic.cs.unb.ca.jnetpcap.FlowGenerator    Timeout current has 2150 flow
2019-02-16 12:12:43 DEBUG cic.cs.unb.ca.jnetpcap.FlowGenerator    Timeout current has 2150 flow
2019-02-16 12:12:43 DEBUG cic.cs.unb.ca.jnetpcap.FlowGenerator    Timeout current has 2150 flow
2019-02-16 12:12:43 DEBUG cic.cs.unb.ca.jnetpcap.FlowGenerator    Timeout current has 2150 flow
2019-02-16 12:14:23 DEBUG cic.cs.unb.ca.jnetpcap.FlowGenerator    Timeout current has 2200 flow
2019-02-16 12:14:23 DEBUG cic.cs.unb.ca.jnetpcap.FlowGenerator    Timeout current has 2200 flow
2019-02-16 12:14:23 DEBUG cic.cs.unb.ca.jnetpcap.FlowGenerator    FlagFIN current has 2223 flow
2019-02-16 12:15:24 DEBUG cic.cs.unb.ca.jnetpcap.FlowGenerator    Timeout current has 2250 flow
2019-02-16 12:15:24 DEBUG cic.cs.unb.ca.jnetpcap.FlowGenerator    Timeout current has 2250 flow
2019-02-16 12:15:24 DEBUG cic.cs.unb.ca.jnetpcap.FlowGenerator    Timeout current has 2250 flow
2019-02-16 12:15:24 DEBUG cic.cs.unb.ca.jnetpcap.FlowGenerator    Timeout current has 2250 flow
2019-02-16 12:15:24 DEBUG cic.cs.unb.ca.jnetpcap.FlowGenerator    Timeout current has 2250 flow
2019-02-16 12:15:24 DEBUG cic.cs.unb.ca.jnetpcap.FlowGenerator    Timeout current has 2250 flow
2019-02-16 12:15:24 DEBUG cic.cs.unb.ca.jnetpcap.FlowGenerator    Timeout current has 2250 flow
2019-02-16 12:15:24 DEBUG cic.cs.unb.ca.jnetpcap.FlowGenerator    Timeout current has 2250 flow
2019-02-16 12:15:24 DEBUG cic.cs.unb.ca.jnetpcap.FlowGenerator    Timeout current has 2250 flow
2019-02-16 12:15:24 DEBUG cic.cs.unb.ca.jnetpcap.FlowGenerator    Timeout current has 2250 flow
2019-02-16 12:15:24 DEBUG cic.cs.unb.ca.jnetpcap.FlowGenerator    Timeout current has 2250 flow
2019-02-16 12:15:24 DEBUG cic.cs.unb.ca.jnetpcap.FlowGenerator    Timeout current has 2250 flow
2019-02-16 12:15:24 DEBUG cic.cs.unb.ca.jnetpcap.FlowGenerator    Timeout current has 2250 flow
2019-02-16 12:15:24 DEBUG cic.cs.unb.ca.jnetpcap.FlowGenerator    Timeout current has 2250 flow
2019-02-16 12:15:24 DEBUG cic.cs.unb.ca.jnetpcap.FlowGenerator    Timeout current has 2250 flow
2019-02-16 12:15:24 DEBUG cic.cs.unb.ca.jnetpcap.FlowGenerator    Timeout current has 2250 flow
2019-02-16 12:15:24 DEBUG cic.cs.unb.ca.jnetpcap.FlowGenerator    Timeout current has 2250 flow
2019-02-16 12:15:24 DEBUG cic.cs.unb.ca.jnetpcap.FlowGenerator    Timeout current has 2250 flow
2019-02-16 12:15:24 DEBUG cic.cs.unb.ca.jnetpcap.FlowGenerator    Timeout current has 2250 flow
2019-02-16 12:15:24 DEBUG cic.cs.unb.ca.jnetpcap.FlowGenerator    Timeout current has 2250 flow
2019-02-16 12:15:24 DEBUG cic.cs.unb.ca.jnetpcap.FlowGenerator    Timeout current has 2250 flow
2019-02-16 12:15:24 DEBUG cic.cs.unb.ca.jnetpcap.FlowGenerator    Timeout current has 2250 flow
2019-02-16 12:15:24 DEBUG cic.cs.unb.ca.jnetpcap.FlowGenerator    Timeout current has 2250 flow
2019-02-16 12:15:24 DEBUG cic.cs.unb.ca.jnetpcap.FlowGenerator    Timeout current has 2250 flow
2019-02-16 12:15:24 DEBUG cic.cs.unb.ca.jnetpcap.FlowGenerator    Timeout current has 2250 flow
2019-02-16 12:15:24 DEBUG cic.cs.unb.ca.jnetpcap.FlowGenerator    Timeout current has 2250 flow
2019-02-16 12:15:24 DEBUG cic.cs.unb.ca.jnetpcap.FlowGenerator    Timeout current has 2250 flow
2019-02-16 12:15:24 DEBUG cic.cs.unb.ca.jnetpcap.FlowGenerator    Timeout current has 2250 flow
2019-02-16 12:15:24 DEBUG cic.cs.unb.ca.jnetpcap.FlowGenerator    Timeout current has 2250 flow
2019-02-16 12:15:24 DEBUG cic.cs.unb.ca.jnetpcap.FlowGenerator    Timeout current has 2250 flow
2019-02-16 12:15:24 DEBUG cic.cs.unb.ca.jnetpcap.FlowGenerator    Timeout current has 2250 flow
2019-02-16 12:15:24 DEBUG cic.cs.unb.ca.jnetpcap.FlowGenerator    Timeout current has 2250 flow
2019-02-16 12:15:24 DEBUG cic.cs.unb.ca.jnetpcap.FlowGenerator    Timeout current has 2250 flow
2019-02-16 12:15:24 DEBUG cic.cs.unb.ca.jnetpcap.FlowGenerator    Timeout current has 2250 flow
2019-02-16 12:15:24 DEBUG cic.cs.unb.ca.jnetpcap.FlowGenerator    Timeout current has 2250 flow
2019-02-16 12:15:24 DEBUG cic.cs.unb.ca.jnetpcap.FlowGenerator    Timeout current has 2250 flow
2019-02-16 12:15:24 DEBUG cic.cs.unb.ca.jnetpcap.FlowGenerator    Timeout current has 2250 flow
2019-02-16 12:15:24 DEBUG cic.cs.unb.ca.jnetpcap.FlowGenerator    Timeout current has 2250 flow
2019-02-16 12:15:24 DEBUG cic.cs.unb.ca.jnetpcap.FlowGenerator    Timeout current has 2250 flow
2019-02-16 12:15:24 DEBUG cic.cs.unb.ca.jnetpcap.FlowGenerator    Timeout current has 2250 flow
2019-02-16 12:15:24 DEBUG cic.cs.unb.ca.jnetpcap.FlowGenerator    Timeout current has 2250 flow
2019-02-16 12:15:24 DEBUG cic.cs.unb.ca.jnetpcap.FlowGenerator    Timeout current has 2250 flow
2019-02-16 12:15:24 DEBUG cic.cs.unb.ca.jnetpcap.FlowGenerator    Timeout current has 2250 flow
2019-02-16 12:15:24 DEBUG cic.cs.unb.ca.jnetpcap.FlowGenerator    Timeout current has 2250 flow
2019-02-16 12:15:24 DEBUG cic.cs.unb.ca.jnetpcap.FlowGenerator    Timeout current has 2250 flow
2019-02-16 12:15:24 DEBUG cic.cs.unb.ca.jnetpcap.FlowGenerator    Timeout current has 2250 flow
2019-02-16 12:15:24 DEBUG cic.cs.unb.ca.jnetpcap.FlowGenerator    Timeout current has 2250 flow
2019-02-16 12:15:24 DEBUG cic.cs.unb.ca.jnetpcap.FlowGenerator    Timeout current has 2250 flow
2019-02-16 12:15:24 DEBUG cic.cs.unb.ca.jnetpcap.FlowGenerator    Timeout current has 2250 flow
2019-02-16 12:15:24 DEBUG cic.cs.unb.ca.jnetpcap.FlowGenerator    Timeout current has 2250 flow
2019-02-16 12:15:24 DEBUG cic.cs.unb.ca.jnetpcap.FlowGenerator    Timeout current has 2250 flow
2019-02-16 12:15:24 DEBUG cic.cs.unb.ca.jnetpcap.FlowGenerator    Timeout current has 2250 flow
2019-02-16 12:15:24 DEBUG cic.cs.unb.ca.jnetpcap.FlowGenerator    Timeout current has 2250 flow
2019-02-16 12:15:24 DEBUG cic.cs.unb.ca.jnetpcap.FlowGenerator    Timeout current has 2250 flow
2019-02-16 12:15:24 DEBUG cic.cs.unb.ca.jnetpcap.FlowGenerator    FlagFIN current has 2259 flow
2019-02-16 12:16:26 DEBUG cic.cs.unb.ca.jnetpcap.FlowGenerator    FlagFIN current has 2321 flow
2019-02-16 12:16:26 DEBUG cic.cs.unb.ca.jnetpcap.FlowGenerator    FlagFIN current has 2320 flow
2019-02-16 12:16:26 DEBUG cic.cs.unb.ca.jnetpcap.FlowGenerator    FlagFIN current has 2319 flow
2019-02-16 12:16:26 DEBUG cic.cs.unb.ca.jnetpcap.FlowGenerator    FlagFIN current has 2321 flow
2019-02-16 12:16:26 DEBUG cic.cs.unb.ca.jnetpcap.FlowGenerator    FlagFIN current has 2320 flow
2019-02-16 12:16:26 DEBUG cic.cs.unb.ca.jnetpcap.FlowGenerator    FlagFIN current has 2319 flow
2019-02-16 12:16:26 DEBUG cic.cs.unb.ca.jnetpcap.FlowGenerator    FlagFIN current has 2318 flow
2019-02-16 12:18:29 DEBUG cic.cs.unb.ca.jnetpcap.FlowGenerator    FlagFIN current has 2389 flow
2019-02-16 12:18:29 DEBUG cic.cs.unb.ca.jnetpcap.FlowGenerator    FlagFIN current has 2397 flow
2019-02-16 12:20:31 DEBUG cic.cs.unb.ca.jnetpcap.FlowGenerator    FlagFIN current has 2475 flow
2019-02-16 12:21:23 DEBUG cic.cs.unb.ca.jnetpcap.FlowGenerator    Timeout current has 2500 flow
2019-02-16 12:21:23 DEBUG cic.cs.unb.ca.jnetpcap.FlowGenerator    FlagFIN current has 2524 flow
2019-02-16 12:21:24 DEBUG cic.cs.unb.ca.jnetpcap.FlowGenerator    Timeout current has 2550 flow
2019-02-16 12:22:24 DEBUG cic.cs.unb.ca.jnetpcap.FlowGenerator    FlagFIN current has 2607 flow
2019-02-16 12:23:25 DEBUG cic.cs.unb.ca.jnetpcap.FlowGenerator    FlagFIN current has 2623 flow
2019-02-16 12:23:26 DEBUG cic.cs.unb.ca.jnetpcap.FlowGenerator    FlagFIN current has 2695 flow
