2019-02-28 11:07:59 INFO  cic.cs.unb.ca.jnetpcap.worker.TrafficFlowWorker    Pcap is listening...
2019-02-28 11:08:38 DEBUG cic.cs.unb.ca.jnetpcap.FlowGenerator    FlagFIN current has 295 flow
2019-02-28 11:08:38 DEBUG cic.cs.unb.ca.jnetpcap.FlowGenerator    FlagFIN current has 296 flow
2019-02-28 11:08:38 DEBUG cic.cs.unb.ca.jnetpcap.FlowGenerator    FlagFIN current has 296 flow
2019-02-28 11:08:38 DEBUG cic.cs.unb.ca.jnetpcap.FlowGenerator    FlagFIN current has 299 flow
2019-02-28 11:08:38 DEBUG cic.cs.unb.ca.jnetpcap.FlowGenerator    FlagFIN current has 298 flow
2019-02-28 11:08:38 DEBUG cic.cs.unb.ca.jnetpcap.FlowGenerator    FlagFIN current has 298 flow
2019-02-28 11:08:38 DEBUG cic.cs.unb.ca.jnetpcap.FlowGenerator    FlagFIN current has 299 flow
2019-02-28 11:08:38 DEBUG cic.cs.unb.ca.jnetpcap.FlowGenerator    FlagFIN current has 299 flow
2019-02-28 11:08:38 DEBUG cic.cs.unb.ca.jnetpcap.FlowGenerator    FlagFIN current has 300 flow
2019-02-28 11:08:38 DEBUG cic.cs.unb.ca.jnetpcap.FlowGenerator    FlagFIN current has 337 flow
2019-02-28 11:08:38 DEBUG cic.cs.unb.ca.jnetpcap.FlowGenerator    FlagFIN current has 352 flow
2019-02-28 11:08:38 DEBUG cic.cs.unb.ca.jnetpcap.FlowGenerator    FlagFIN current has 352 flow
2019-02-28 11:08:38 DEBUG cic.cs.unb.ca.jnetpcap.FlowGenerator    FlagFIN current has 364 flow
2019-02-28 11:08:38 DEBUG cic.cs.unb.ca.jnetpcap.FlowGenerator    FlagFIN current has 377 flow
2019-02-28 11:08:38 DEBUG cic.cs.unb.ca.jnetpcap.FlowGenerator    FlagFIN current has 377 flow
2019-02-28 11:08:38 DEBUG cic.cs.unb.ca.jnetpcap.FlowGenerator    FlagFIN current has 377 flow
2019-02-28 11:08:38 DEBUG cic.cs.unb.ca.jnetpcap.FlowGenerator    FlagFIN current has 377 flow
2019-02-28 11:08:38 DEBUG cic.cs.unb.ca.jnetpcap.FlowGenerator    FlagFIN current has 378 flow
2019-02-28 11:08:38 DEBUG cic.cs.unb.ca.jnetpcap.FlowGenerator    FlagFIN current has 378 flow
2019-02-28 11:08:44 DEBUG cic.cs.unb.ca.jnetpcap.FlowGenerator    FlagFIN current has 432 flow
2019-02-28 11:08:44 DEBUG cic.cs.unb.ca.jnetpcap.FlowGenerator    FlagFIN current has 432 flow
2019-02-28 11:08:44 DEBUG cic.cs.unb.ca.jnetpcap.FlowGenerator    FlagFIN current has 439 flow
2019-02-28 11:08:44 DEBUG cic.cs.unb.ca.jnetpcap.FlowGenerator    FlagFIN current has 438 flow
2019-02-28 11:08:44 DEBUG cic.cs.unb.ca.jnetpcap.FlowGenerator    FlagFIN current has 438 flow
2019-02-28 11:08:44 DEBUG cic.cs.unb.ca.jnetpcap.FlowGenerator    FlagFIN current has 438 flow
2019-02-28 11:08:44 DEBUG cic.cs.unb.ca.jnetpcap.FlowGenerator    FlagFIN current has 438 flow
2019-02-28 11:08:44 DEBUG cic.cs.unb.ca.jnetpcap.FlowGenerator    FlagFIN current has 438 flow
2019-02-28 11:08:44 DEBUG cic.cs.unb.ca.jnetpcap.FlowGenerator    FlagFIN current has 453 flow
2019-02-28 11:08:44 DEBUG cic.cs.unb.ca.jnetpcap.FlowGenerator    FlagFIN current has 453 flow
2019-02-28 11:08:44 DEBUG cic.cs.unb.ca.jnetpcap.FlowGenerator    FlagFIN current has 453 flow
2019-02-28 11:08:44 DEBUG cic.cs.unb.ca.jnetpcap.FlowGenerator    FlagFIN current has 453 flow
2019-02-28 11:08:44 DEBUG cic.cs.unb.ca.jnetpcap.FlowGenerator    FlagFIN current has 453 flow
2019-02-28 11:08:47 DEBUG cic.cs.unb.ca.jnetpcap.FlowGenerator    FlagFIN current has 463 flow
2019-02-28 11:08:47 DEBUG cic.cs.unb.ca.jnetpcap.FlowGenerator    FlagFIN current has 474 flow
2019-02-28 11:08:47 DEBUG cic.cs.unb.ca.jnetpcap.FlowGenerator    FlagFIN current has 474 flow
2019-02-28 11:08:47 DEBUG cic.cs.unb.ca.jnetpcap.FlowGenerator    FlagFIN current has 474 flow
2019-02-28 11:08:47 DEBUG cic.cs.unb.ca.jnetpcap.FlowGenerator    FlagFIN current has 474 flow
2019-02-28 11:08:47 DEBUG cic.cs.unb.ca.jnetpcap.FlowGenerator    FlagFIN current has 489 flow
2019-02-28 11:14:17 INFO  cic.cs.unb.ca.jnetpcap.worker.TrafficFlowWorker    Pcap is listening...
2019-02-28 11:14:49 DEBUG cic.cs.unb.ca.jnetpcap.FlowGenerator    FlagFIN current has 24 flow
2019-02-28 11:14:49 DEBUG cic.cs.unb.ca.jnetpcap.FlowGenerator    FlagFIN current has 24 flow
2019-02-28 11:14:49 DEBUG cic.cs.unb.ca.jnetpcap.FlowGenerator    FlagFIN current has 24 flow
2019-02-28 11:14:49 DEBUG cic.cs.unb.ca.jnetpcap.FlowGenerator    FlagFIN current has 24 flow
2019-02-28 11:14:49 DEBUG cic.cs.unb.ca.jnetpcap.FlowGenerator    FlagFIN current has 24 flow
2019-02-28 11:14:49 DEBUG cic.cs.unb.ca.jnetpcap.FlowGenerator    FlagFIN current has 29 flow
2019-02-28 11:14:49 DEBUG cic.cs.unb.ca.jnetpcap.FlowGenerator    FlagFIN current has 29 flow
2019-02-28 11:14:49 DEBUG cic.cs.unb.ca.jnetpcap.FlowGenerator    FlagFIN current has 29 flow
2019-02-28 11:14:49 DEBUG cic.cs.unb.ca.jnetpcap.FlowGenerator    FlagFIN current has 30 flow
2019-02-28 11:14:49 DEBUG cic.cs.unb.ca.jnetpcap.FlowGenerator    FlagFIN current has 52 flow
2019-02-28 11:14:49 DEBUG cic.cs.unb.ca.jnetpcap.FlowGenerator    FlagFIN current has 59 flow
2019-02-28 11:14:49 DEBUG cic.cs.unb.ca.jnetpcap.FlowGenerator    FlagFIN current has 60 flow
2019-02-28 11:14:49 DEBUG cic.cs.unb.ca.jnetpcap.FlowGenerator    FlagFIN current has 65 flow
2019-02-28 11:14:49 DEBUG cic.cs.unb.ca.jnetpcap.FlowGenerator    FlagFIN current has 65 flow
2019-02-28 11:14:49 DEBUG cic.cs.unb.ca.jnetpcap.FlowGenerator    FlagFIN current has 81 flow
2019-02-28 11:14:49 DEBUG cic.cs.unb.ca.jnetpcap.FlowGenerator    FlagFIN current has 97 flow
2019-02-28 11:14:49 DEBUG cic.cs.unb.ca.jnetpcap.FlowGenerator    FlagFIN current has 118 flow
2019-02-28 11:14:49 DEBUG cic.cs.unb.ca.jnetpcap.FlowGenerator    FlagFIN current has 227 flow
2019-02-28 11:16:05 DEBUG cic.cs.unb.ca.jnetpcap.FlowGenerator    FlagFIN current has 628 flow
2019-02-28 11:16:05 DEBUG cic.cs.unb.ca.jnetpcap.FlowGenerator    FlagFIN current has 627 flow
2019-02-28 11:16:05 DEBUG cic.cs.unb.ca.jnetpcap.FlowGenerator    FlagFIN current has 626 flow
2019-02-28 11:16:05 DEBUG cic.cs.unb.ca.jnetpcap.FlowGenerator    FlagFIN current has 629 flow
2019-02-28 11:16:05 DEBUG cic.cs.unb.ca.jnetpcap.FlowGenerator    FlagFIN current has 628 flow
2019-02-28 11:16:05 DEBUG cic.cs.unb.ca.jnetpcap.FlowGenerator    FlagFIN current has 627 flow
2019-02-28 11:16:05 DEBUG cic.cs.unb.ca.jnetpcap.FlowGenerator    FlagFIN current has 640 flow
2019-02-28 11:16:05 DEBUG cic.cs.unb.ca.jnetpcap.FlowGenerator    FlagFIN current has 771 flow
2019-02-28 11:16:05 DEBUG cic.cs.unb.ca.jnetpcap.FlowGenerator    FlagFIN current has 778 flow
2019-02-28 11:16:05 DEBUG cic.cs.unb.ca.jnetpcap.FlowGenerator    FlagFIN current has 778 flow
2019-02-28 11:16:05 DEBUG cic.cs.unb.ca.jnetpcap.FlowGenerator    FlagFIN current has 782 flow
2019-02-28 11:16:05 DEBUG cic.cs.unb.ca.jnetpcap.FlowGenerator    FlagFIN current has 782 flow
2019-02-28 11:16:05 DEBUG cic.cs.unb.ca.jnetpcap.FlowGenerator    FlagFIN current has 782 flow
2019-02-28 11:16:05 DEBUG cic.cs.unb.ca.jnetpcap.FlowGenerator    FlagFIN current has 796 flow
2019-02-28 11:16:05 DEBUG cic.cs.unb.ca.jnetpcap.FlowGenerator    FlagFIN current has 800 flow
2019-02-28 11:16:05 DEBUG cic.cs.unb.ca.jnetpcap.FlowGenerator    FlagFIN current has 801 flow
2019-02-28 11:16:05 DEBUG cic.cs.unb.ca.jnetpcap.FlowGenerator    FlagFIN current has 805 flow
2019-02-28 11:16:05 DEBUG cic.cs.unb.ca.jnetpcap.FlowGenerator    FlagFIN current has 813 flow
2019-02-28 11:16:05 DEBUG cic.cs.unb.ca.jnetpcap.FlowGenerator    FlagFIN current has 818 flow
2019-02-28 11:16:05 DEBUG cic.cs.unb.ca.jnetpcap.FlowGenerator    FlagFIN current has 821 flow
2019-02-28 11:16:05 DEBUG cic.cs.unb.ca.jnetpcap.FlowGenerator    FlagFIN current has 821 flow
2019-02-28 11:16:05 DEBUG cic.cs.unb.ca.jnetpcap.FlowGenerator    FlagFIN current has 821 flow
2019-02-28 11:16:05 DEBUG cic.cs.unb.ca.jnetpcap.FlowGenerator    FlagFIN current has 821 flow
2019-02-28 11:16:05 DEBUG cic.cs.unb.ca.jnetpcap.FlowGenerator    FlagFIN current has 837 flow
2019-02-28 11:16:05 DEBUG cic.cs.unb.ca.jnetpcap.FlowGenerator    FlagFIN current has 837 flow
2019-02-28 11:16:05 DEBUG cic.cs.unb.ca.jnetpcap.FlowGenerator    FlagFIN current has 837 flow
2019-02-28 11:16:05 DEBUG cic.cs.unb.ca.jnetpcap.FlowGenerator    FlagFIN current has 837 flow
2019-02-28 11:16:05 DEBUG cic.cs.unb.ca.jnetpcap.FlowGenerator    FlagFIN current has 838 flow
2019-02-28 11:16:43 DEBUG cic.cs.unb.ca.jnetpcap.FlowGenerator    FlagFIN current has 868 flow
2019-02-28 11:16:44 DEBUG cic.cs.unb.ca.jnetpcap.FlowGenerator    FlagFIN current has 1092 flow
2019-02-28 11:17:20 DEBUG cic.cs.unb.ca.jnetpcap.FlowGenerator    Timeout current has 1100 flow
2019-02-28 11:17:20 DEBUG cic.cs.unb.ca.jnetpcap.FlowGenerator    FlagFIN current has 1101 flow
2019-02-28 11:17:20 DEBUG cic.cs.unb.ca.jnetpcap.FlowGenerator    Timeout current has 1150 flow
2019-02-28 11:17:20 DEBUG cic.cs.unb.ca.jnetpcap.FlowGenerator    Timeout current has 1150 flow
2019-02-28 11:17:20 DEBUG cic.cs.unb.ca.jnetpcap.FlowGenerator    Timeout current has 1200 flow
2019-02-28 11:17:20 DEBUG cic.cs.unb.ca.jnetpcap.FlowGenerator    FlagFIN current has 1246 flow
2019-02-28 11:18:13 DEBUG cic.cs.unb.ca.jnetpcap.FlowGenerator    FlagFIN current has 1306 flow
2019-02-28 11:18:13 DEBUG cic.cs.unb.ca.jnetpcap.FlowGenerator    FlagFIN current has 1307 flow
2019-02-28 11:18:13 DEBUG cic.cs.unb.ca.jnetpcap.FlowGenerator    FlagFIN current has 1320 flow
2019-02-28 11:18:13 DEBUG cic.cs.unb.ca.jnetpcap.FlowGenerator    Timeout current has 1350 flow
2019-02-28 11:18:13 DEBUG cic.cs.unb.ca.jnetpcap.FlowGenerator    Timeout current has 1350 flow
2019-02-28 11:18:13 DEBUG cic.cs.unb.ca.jnetpcap.FlowGenerator    Timeout current has 1350 flow
2019-02-28 11:18:13 DEBUG cic.cs.unb.ca.jnetpcap.FlowGenerator    Timeout current has 1350 flow
2019-02-28 11:18:13 DEBUG cic.cs.unb.ca.jnetpcap.FlowGenerator    Timeout current has 1350 flow
2019-02-28 11:18:13 DEBUG cic.cs.unb.ca.jnetpcap.FlowGenerator    Timeout current has 1350 flow
2019-02-28 11:18:13 DEBUG cic.cs.unb.ca.jnetpcap.FlowGenerator    Timeout current has 1350 flow
2019-02-28 11:18:13 DEBUG cic.cs.unb.ca.jnetpcap.FlowGenerator    Timeout current has 1350 flow
2019-02-28 11:27:47 INFO  cic.cs.unb.ca.jnetpcap.worker.TrafficFlowWorker    Pcap is listening...
2019-02-28 11:29:24 INFO  cic.cs.unb.ca.flow.ui.FlowMonitorPane    Pcap stop listening
2019-02-28 11:29:24 INFO  cic.cs.unb.ca.flow.ui.FlowMonitorPane    path:/home/adityauj/module/bin/data/daily/2019-02-28_Flow.csv
2019-02-28 11:29:44 DEBUG cic.cs.unb.ca.jnetpcap.worker.TrafficFlowWorker    break Packet loop
2019-02-28 11:33:02 INFO  cic.cs.unb.ca.jnetpcap.worker.TrafficFlowWorker    Pcap is listening...
2019-02-28 11:33:39 INFO  cic.cs.unb.ca.flow.ui.FlowMonitorPane    Pcap stop listening
2019-02-28 11:33:39 INFO  cic.cs.unb.ca.flow.ui.FlowMonitorPane    path:/home/adityauj/module/bin/data/daily/2019-02-28_Flow.csv
2019-02-28 11:35:21 INFO  cic.cs.unb.ca.jnetpcap.worker.TrafficFlowWorker    Pcap is listening...
2019-02-28 11:39:47 DEBUG cic.cs.unb.ca.jnetpcap.FlowGenerator    FlagFIN current has 1501 flow
2019-02-28 11:40:43 DEBUG cic.cs.unb.ca.jnetpcap.FlowGenerator    FlagFIN current has 1753 flow
2019-02-28 11:40:43 DEBUG cic.cs.unb.ca.jnetpcap.FlowGenerator    FlagFIN current has 1752 flow
2019-02-28 11:40:43 DEBUG cic.cs.unb.ca.jnetpcap.FlowGenerator    FlagFIN current has 1753 flow
2019-02-28 11:40:43 DEBUG cic.cs.unb.ca.jnetpcap.FlowGenerator    FlagFIN current has 1752 flow
2019-02-28 11:40:43 DEBUG cic.cs.unb.ca.jnetpcap.FlowGenerator    FlagFIN current has 1751 flow
2019-02-28 11:40:43 DEBUG cic.cs.unb.ca.jnetpcap.FlowGenerator    FlagFIN current has 1750 flow
2019-02-28 11:40:43 DEBUG cic.cs.unb.ca.jnetpcap.FlowGenerator    FlagFIN current has 1750 flow
2019-02-28 11:40:43 DEBUG cic.cs.unb.ca.jnetpcap.FlowGenerator    FlagFIN current has 1750 flow
2019-02-28 11:40:43 DEBUG cic.cs.unb.ca.jnetpcap.FlowGenerator    FlagFIN current has 1749 flow
2019-02-28 11:40:43 DEBUG cic.cs.unb.ca.jnetpcap.FlowGenerator    FlagFIN current has 1748 flow
2019-02-28 11:40:43 DEBUG cic.cs.unb.ca.jnetpcap.FlowGenerator    FlagFIN current has 1747 flow
2019-02-28 11:40:43 DEBUG cic.cs.unb.ca.jnetpcap.FlowGenerator    FlagFIN current has 1746 flow
2019-02-28 11:40:43 DEBUG cic.cs.unb.ca.jnetpcap.FlowGenerator    FlagFIN current has 1747 flow
2019-02-28 11:40:43 DEBUG cic.cs.unb.ca.jnetpcap.FlowGenerator    FlagFIN current has 1749 flow
2019-02-28 11:40:43 DEBUG cic.cs.unb.ca.jnetpcap.FlowGenerator    FlagFIN current has 1749 flow
2019-02-28 11:40:43 DEBUG cic.cs.unb.ca.jnetpcap.FlowGenerator    FlagFIN current has 1748 flow
2019-02-28 11:40:43 DEBUG cic.cs.unb.ca.jnetpcap.FlowGenerator    FlagFIN current has 1753 flow
2019-02-28 11:40:43 DEBUG cic.cs.unb.ca.jnetpcap.FlowGenerator    FlagFIN current has 1752 flow
2019-02-28 11:40:43 DEBUG cic.cs.unb.ca.jnetpcap.FlowGenerator    FlagFIN current has 1825 flow
2019-02-28 11:40:43 DEBUG cic.cs.unb.ca.jnetpcap.FlowGenerator    Timeout current has 1850 flow
2019-02-28 11:41:11 DEBUG cic.cs.unb.ca.jnetpcap.FlowGenerator    FlagFIN current has 2009 flow
2019-02-28 11:41:37 DEBUG cic.cs.unb.ca.jnetpcap.FlowGenerator    FlagFIN current has 2120 flow
2019-02-28 11:41:37 DEBUG cic.cs.unb.ca.jnetpcap.FlowGenerator    FlagFIN current has 2119 flow
2019-02-28 11:41:37 DEBUG cic.cs.unb.ca.jnetpcap.FlowGenerator    FlagFIN current has 2118 flow
2019-02-28 11:41:37 DEBUG cic.cs.unb.ca.jnetpcap.FlowGenerator    FlagFIN current has 2117 flow
2019-02-28 11:41:37 DEBUG cic.cs.unb.ca.jnetpcap.FlowGenerator    FlagFIN current has 2120 flow
2019-02-28 11:42:14 INFO  cic.cs.unb.ca.flow.ui.FlowMonitorPane    Pcap stop listening
2019-02-28 11:42:14 INFO  cic.cs.unb.ca.flow.ui.FlowMonitorPane    path:/home/adityauj/module/bin/data/daily/2019-02-28_Flow.csv
2019-02-28 11:50:01 INFO  cic.cs.unb.ca.jnetpcap.worker.TrafficFlowWorker    Pcap is listening...
2019-02-28 11:50:59 DEBUG cic.cs.unb.ca.jnetpcap.FlowGenerator    FlagFIN current has 523 flow
2019-02-28 11:51:19 DEBUG cic.cs.unb.ca.jnetpcap.FlowGenerator    FlagFIN current has 638 flow
2019-02-28 11:51:19 DEBUG cic.cs.unb.ca.jnetpcap.FlowGenerator    FlagFIN current has 637 flow
2019-02-28 11:51:19 DEBUG cic.cs.unb.ca.jnetpcap.FlowGenerator    FlagFIN current has 637 flow
2019-02-28 11:51:19 DEBUG cic.cs.unb.ca.jnetpcap.FlowGenerator    FlagFIN current has 637 flow
2019-02-28 11:51:19 DEBUG cic.cs.unb.ca.jnetpcap.FlowGenerator    FlagFIN current has 638 flow
2019-02-28 11:51:19 DEBUG cic.cs.unb.ca.jnetpcap.FlowGenerator    FlagFIN current has 637 flow
2019-02-28 11:51:19 DEBUG cic.cs.unb.ca.jnetpcap.FlowGenerator    FlagFIN current has 644 flow
2019-02-28 11:51:19 DEBUG cic.cs.unb.ca.jnetpcap.FlowGenerator    FlagFIN current has 643 flow
2019-02-28 11:51:19 DEBUG cic.cs.unb.ca.jnetpcap.FlowGenerator    FlagFIN current has 643 flow
2019-02-28 11:51:19 DEBUG cic.cs.unb.ca.jnetpcap.FlowGenerator    FlagFIN current has 643 flow
2019-02-28 11:51:31 DEBUG cic.cs.unb.ca.jnetpcap.FlowGenerator    FlagFIN current has 680 flow
2019-02-28 11:51:31 DEBUG cic.cs.unb.ca.jnetpcap.FlowGenerator    FlagFIN current has 679 flow
2019-02-28 11:51:31 DEBUG cic.cs.unb.ca.jnetpcap.FlowGenerator    FlagFIN current has 694 flow
2019-02-28 11:52:05 DEBUG cic.cs.unb.ca.jnetpcap.FlowGenerator    FlagFIN current has 724 flow
2019-02-28 11:52:05 DEBUG cic.cs.unb.ca.jnetpcap.FlowGenerator    FlagFIN current has 723 flow
2019-02-28 11:52:05 DEBUG cic.cs.unb.ca.jnetpcap.FlowGenerator    FlagFIN current has 722 flow
2019-02-28 11:52:05 DEBUG cic.cs.unb.ca.jnetpcap.FlowGenerator    FlagFIN current has 721 flow
2019-02-28 11:52:05 DEBUG cic.cs.unb.ca.jnetpcap.FlowGenerator    FlagFIN current has 721 flow
2019-02-28 11:52:05 DEBUG cic.cs.unb.ca.jnetpcap.FlowGenerator    FlagFIN current has 721 flow
2019-02-28 11:52:05 DEBUG cic.cs.unb.ca.jnetpcap.FlowGenerator    FlagFIN current has 727 flow
2019-02-28 11:52:05 DEBUG cic.cs.unb.ca.jnetpcap.FlowGenerator    FlagFIN current has 729 flow
2019-02-28 11:52:05 DEBUG cic.cs.unb.ca.jnetpcap.FlowGenerator    FlagFIN current has 729 flow
2019-02-28 11:52:05 DEBUG cic.cs.unb.ca.jnetpcap.FlowGenerator    FlagFIN current has 728 flow
2019-02-28 13:30:38 INFO  cic.cs.unb.ca.jnetpcap.worker.TrafficFlowWorker    Pcap is listening...
2019-02-28 13:30:53 DEBUG cic.cs.unb.ca.jnetpcap.FlowGenerator    FlagFIN current has 26 flow
2019-02-28 13:30:53 DEBUG cic.cs.unb.ca.jnetpcap.FlowGenerator    FlagFIN current has 30 flow
2019-02-28 13:31:01 DEBUG cic.cs.unb.ca.jnetpcap.FlowGenerator    FlagFIN current has 78 flow
2019-02-28 13:31:12 DEBUG cic.cs.unb.ca.jnetpcap.FlowGenerator    FlagFIN current has 173 flow
2019-02-28 13:31:18 DEBUG cic.cs.unb.ca.jnetpcap.FlowGenerator    FlagFIN current has 187 flow
2019-02-28 13:31:18 DEBUG cic.cs.unb.ca.jnetpcap.FlowGenerator    FlagFIN current has 188 flow
2019-02-28 13:31:23 DEBUG cic.cs.unb.ca.jnetpcap.FlowGenerator    FlagFIN current has 206 flow
2019-02-28 13:31:28 DEBUG cic.cs.unb.ca.jnetpcap.FlowGenerator    FlagFIN current has 235 flow
2019-02-28 13:31:30 DEBUG cic.cs.unb.ca.jnetpcap.FlowGenerator    FlagFIN current has 252 flow
2019-02-28 13:31:32 DEBUG cic.cs.unb.ca.jnetpcap.FlowGenerator    FlagFIN current has 282 flow
2019-02-28 13:31:32 DEBUG cic.cs.unb.ca.jnetpcap.FlowGenerator    FlagFIN current has 287 flow
2019-02-28 13:31:40 DEBUG cic.cs.unb.ca.jnetpcap.FlowGenerator    FlagFIN current has 303 flow
2019-02-28 13:31:40 DEBUG cic.cs.unb.ca.jnetpcap.FlowGenerator    FlagFIN current has 302 flow
2019-02-28 13:32:41 DEBUG cic.cs.unb.ca.jnetpcap.FlowGenerator    FlagFIN current has 321 flow
2019-02-28 13:32:41 DEBUG cic.cs.unb.ca.jnetpcap.FlowGenerator    FlagFIN current has 329 flow
2019-02-28 13:32:41 DEBUG cic.cs.unb.ca.jnetpcap.FlowGenerator    FlagFIN current has 335 flow
2019-02-28 13:32:41 DEBUG cic.cs.unb.ca.jnetpcap.FlowGenerator    FlagFIN current has 334 flow
2019-02-28 13:32:41 DEBUG cic.cs.unb.ca.jnetpcap.FlowGenerator    FlagFIN current has 353 flow
2019-02-28 13:32:41 DEBUG cic.cs.unb.ca.jnetpcap.FlowGenerator    FlagFIN current has 355 flow
2019-02-28 13:33:42 DEBUG cic.cs.unb.ca.jnetpcap.FlowGenerator    FlagFIN current has 358 flow
2019-02-28 13:33:42 DEBUG cic.cs.unb.ca.jnetpcap.FlowGenerator    FlagFIN current has 357 flow
2019-02-28 13:33:42 DEBUG cic.cs.unb.ca.jnetpcap.FlowGenerator    FlagFIN current has 358 flow
2019-02-28 13:33:42 DEBUG cic.cs.unb.ca.jnetpcap.FlowGenerator    FlagFIN current has 358 flow
2019-02-28 13:33:42 DEBUG cic.cs.unb.ca.jnetpcap.FlowGenerator    FlagFIN current has 358 flow
2019-02-28 13:33:42 DEBUG cic.cs.unb.ca.jnetpcap.FlowGenerator    FlagFIN current has 370 flow
2019-02-28 13:33:42 DEBUG cic.cs.unb.ca.jnetpcap.FlowGenerator    FlagFIN current has 369 flow
2019-02-28 13:33:42 DEBUG cic.cs.unb.ca.jnetpcap.FlowGenerator    FlagFIN current has 397 flow
2019-02-28 13:33:42 DEBUG cic.cs.unb.ca.jnetpcap.FlowGenerator    FlagFIN current has 397 flow
2019-02-28 13:33:42 DEBUG cic.cs.unb.ca.jnetpcap.FlowGenerator    FlagFIN current has 397 flow
2019-02-28 13:37:50 DEBUG cic.cs.unb.ca.jnetpcap.FlowGenerator    FlagFIN current has 595 flow
2019-02-28 13:37:50 DEBUG cic.cs.unb.ca.jnetpcap.FlowGenerator    FlagFIN current has 594 flow
2019-02-28 13:37:50 DEBUG cic.cs.unb.ca.jnetpcap.FlowGenerator    FlagFIN current has 593 flow
2019-02-28 13:37:52 DEBUG cic.cs.unb.ca.jnetpcap.FlowGenerator    FlagFIN current has 596 flow
2019-02-28 13:37:52 DEBUG cic.cs.unb.ca.jnetpcap.FlowGenerator    FlagFIN current has 598 flow
2019-02-28 13:37:53 DEBUG cic.cs.unb.ca.jnetpcap.FlowGenerator    FlagFIN current has 599 flow
2019-02-28 13:37:53 DEBUG cic.cs.unb.ca.jnetpcap.FlowGenerator    FlagFIN current has 599 flow
2019-02-28 13:37:53 DEBUG cic.cs.unb.ca.jnetpcap.FlowGenerator    FlagFIN current has 601 flow
2019-02-28 13:37:53 DEBUG cic.cs.unb.ca.jnetpcap.FlowGenerator    FlagFIN current has 603 flow
2019-02-28 13:37:53 DEBUG cic.cs.unb.ca.jnetpcap.FlowGenerator    FlagFIN current has 603 flow
2019-02-28 13:37:54 DEBUG cic.cs.unb.ca.jnetpcap.FlowGenerator    FlagFIN current has 605 flow
2019-02-28 13:37:55 DEBUG cic.cs.unb.ca.jnetpcap.FlowGenerator    FlagFIN current has 605 flow
2019-02-28 13:37:55 DEBUG cic.cs.unb.ca.jnetpcap.FlowGenerator    FlagFIN current has 607 flow
2019-02-28 13:37:55 DEBUG cic.cs.unb.ca.jnetpcap.FlowGenerator    FlagFIN current has 607 flow
2019-02-28 13:37:55 DEBUG cic.cs.unb.ca.jnetpcap.FlowGenerator    FlagFIN current has 606 flow
2019-02-28 13:37:55 DEBUG cic.cs.unb.ca.jnetpcap.FlowGenerator    FlagFIN current has 605 flow
2019-02-28 13:37:55 DEBUG cic.cs.unb.ca.jnetpcap.FlowGenerator    FlagFIN current has 604 flow
2019-02-28 13:37:55 DEBUG cic.cs.unb.ca.jnetpcap.FlowGenerator    FlagFIN current has 603 flow
2019-02-28 13:37:55 DEBUG cic.cs.unb.ca.jnetpcap.FlowGenerator    FlagFIN current has 602 flow
2019-02-28 13:37:55 DEBUG cic.cs.unb.ca.jnetpcap.FlowGenerator    FlagFIN current has 601 flow
2019-02-28 13:37:55 DEBUG cic.cs.unb.ca.jnetpcap.FlowGenerator    FlagFIN current has 600 flow
2019-02-28 13:37:55 DEBUG cic.cs.unb.ca.jnetpcap.FlowGenerator    FlagFIN current has 599 flow
2019-02-28 13:37:59 DEBUG cic.cs.unb.ca.jnetpcap.FlowGenerator    FlagFIN current has 616 flow
2019-02-28 13:37:59 DEBUG cic.cs.unb.ca.jnetpcap.FlowGenerator    FlagFIN current has 617 flow
2019-02-28 13:37:59 DEBUG cic.cs.unb.ca.jnetpcap.FlowGenerator    FlagFIN current has 621 flow
2019-02-28 13:38:03 DEBUG cic.cs.unb.ca.jnetpcap.FlowGenerator    FlagFIN current has 639 flow
2019-02-28 13:38:03 DEBUG cic.cs.unb.ca.jnetpcap.FlowGenerator    FlagFIN current has 638 flow
2019-02-28 13:38:03 DEBUG cic.cs.unb.ca.jnetpcap.FlowGenerator    FlagFIN current has 637 flow
2019-02-28 13:38:03 DEBUG cic.cs.unb.ca.jnetpcap.FlowGenerator    FlagFIN current has 636 flow
2019-02-28 13:38:03 DEBUG cic.cs.unb.ca.jnetpcap.FlowGenerator    FlagFIN current has 635 flow
2019-02-28 13:38:03 DEBUG cic.cs.unb.ca.jnetpcap.FlowGenerator    FlagFIN current has 635 flow
2019-02-28 13:38:03 DEBUG cic.cs.unb.ca.jnetpcap.FlowGenerator    FlagFIN current has 641 flow
2019-02-28 13:38:03 DEBUG cic.cs.unb.ca.jnetpcap.FlowGenerator    FlagFIN current has 644 flow
2019-02-28 13:46:33 INFO  cic.cs.unb.ca.jnetpcap.worker.TrafficFlowWorker    Pcap is listening...
2019-02-28 13:49:38 DEBUG cic.cs.unb.ca.jnetpcap.FlowGenerator    FlagFIN current has 16 flow
2019-02-28 13:50:40 DEBUG cic.cs.unb.ca.jnetpcap.FlowGenerator    FlagFIN current has 18 flow
2019-02-28 13:50:40 DEBUG cic.cs.unb.ca.jnetpcap.FlowGenerator    FlagFIN current has 18 flow
2019-02-28 13:50:40 DEBUG cic.cs.unb.ca.jnetpcap.FlowGenerator    FlagFIN current has 18 flow
2019-02-28 13:50:40 DEBUG cic.cs.unb.ca.jnetpcap.FlowGenerator    FlagFIN current has 18 flow
2019-02-28 13:51:41 DEBUG cic.cs.unb.ca.jnetpcap.FlowGenerator    FlagFIN current has 20 flow
2019-02-28 14:05:36 DEBUG cic.cs.unb.ca.jnetpcap.FlowGenerator    FlagFIN current has 287 flow
2019-02-28 14:05:37 DEBUG cic.cs.unb.ca.jnetpcap.FlowGenerator    FlagFIN current has 325 flow
2019-02-28 14:05:42 DEBUG cic.cs.unb.ca.jnetpcap.FlowGenerator    FlagFIN current has 343 flow
2019-02-28 14:05:42 DEBUG cic.cs.unb.ca.jnetpcap.FlowGenerator    FlagFIN current has 368 flow
2019-02-28 14:05:52 DEBUG cic.cs.unb.ca.jnetpcap.FlowGenerator    FlagFIN current has 390 flow
2019-02-28 14:05:52 DEBUG cic.cs.unb.ca.jnetpcap.FlowGenerator    FlagFIN current has 391 flow
2019-02-28 14:05:52 DEBUG cic.cs.unb.ca.jnetpcap.FlowGenerator    FlagFIN current has 410 flow
2019-02-28 14:05:52 DEBUG cic.cs.unb.ca.jnetpcap.FlowGenerator    FlagFIN current has 410 flow
2019-02-28 14:05:54 DEBUG cic.cs.unb.ca.jnetpcap.FlowGenerator    FlagFIN current has 417 flow
2019-02-28 14:06:01 DEBUG cic.cs.unb.ca.jnetpcap.FlowGenerator    FlagFIN current has 547 flow
2019-02-28 14:06:01 DEBUG cic.cs.unb.ca.jnetpcap.FlowGenerator    FlagFIN current has 555 flow
2019-02-28 14:06:01 DEBUG cic.cs.unb.ca.jnetpcap.FlowGenerator    FlagFIN current has 557 flow
2019-02-28 14:06:01 DEBUG cic.cs.unb.ca.jnetpcap.FlowGenerator    FlagFIN current has 556 flow
2019-02-28 14:06:02 DEBUG cic.cs.unb.ca.jnetpcap.FlowGenerator    FlagFIN current has 565 flow
2019-02-28 14:06:03 DEBUG cic.cs.unb.ca.jnetpcap.FlowGenerator    FlagFIN current has 584 flow
2019-02-28 14:06:07 DEBUG cic.cs.unb.ca.jnetpcap.FlowGenerator    FlagFIN current has 592 flow
2019-02-28 14:06:08 DEBUG cic.cs.unb.ca.jnetpcap.FlowGenerator    FlagFIN current has 596 flow
2019-02-28 14:06:14 DEBUG cic.cs.unb.ca.jnetpcap.FlowGenerator    FlagFIN current has 636 flow
2019-02-28 14:06:23 DEBUG cic.cs.unb.ca.jnetpcap.FlowGenerator    FlagFIN current has 665 flow
2019-02-28 14:06:23 DEBUG cic.cs.unb.ca.jnetpcap.FlowGenerator    FlagFIN current has 664 flow
2019-02-28 14:06:23 DEBUG cic.cs.unb.ca.jnetpcap.FlowGenerator    FlagFIN current has 665 flow
2019-02-28 14:06:23 DEBUG cic.cs.unb.ca.jnetpcap.FlowGenerator    FlagFIN current has 665 flow
2019-02-28 14:06:42 DEBUG cic.cs.unb.ca.jnetpcap.FlowGenerator    FlagFIN current has 674 flow
2019-02-28 14:07:36 DEBUG cic.cs.unb.ca.jnetpcap.FlowGenerator    FlagFIN current has 750 flow
2019-02-28 14:07:36 DEBUG cic.cs.unb.ca.jnetpcap.FlowGenerator    FlagFIN current has 750 flow
2019-02-28 14:07:36 DEBUG cic.cs.unb.ca.jnetpcap.FlowGenerator    FlagFIN current has 750 flow
2019-02-28 14:07:36 DEBUG cic.cs.unb.ca.jnetpcap.FlowGenerator    FlagFIN current has 750 flow
2019-02-28 14:08:23 DEBUG cic.cs.unb.ca.jnetpcap.FlowGenerator    FlagFIN current has 756 flow
2019-02-28 14:08:23 DEBUG cic.cs.unb.ca.jnetpcap.FlowGenerator    FlagFIN current has 755 flow
2019-02-28 14:08:23 DEBUG cic.cs.unb.ca.jnetpcap.FlowGenerator    FlagFIN current has 754 flow
2019-02-28 14:08:23 DEBUG cic.cs.unb.ca.jnetpcap.FlowGenerator    FlagFIN current has 753 flow
2019-02-28 14:08:23 DEBUG cic.cs.unb.ca.jnetpcap.FlowGenerator    FlagFIN current has 752 flow
2019-02-28 14:08:23 DEBUG cic.cs.unb.ca.jnetpcap.FlowGenerator    FlagFIN current has 772 flow
2019-02-28 14:08:23 DEBUG cic.cs.unb.ca.jnetpcap.FlowGenerator    FlagFIN current has 785 flow
2019-02-28 14:08:23 DEBUG cic.cs.unb.ca.jnetpcap.FlowGenerator    FlagFIN current has 789 flow
2019-02-28 14:08:38 DEBUG cic.cs.unb.ca.jnetpcap.FlowGenerator    FlagFIN current has 798 flow
2019-02-28 14:08:38 DEBUG cic.cs.unb.ca.jnetpcap.FlowGenerator    FlagFIN current has 798 flow
2019-02-28 14:08:38 DEBUG cic.cs.unb.ca.jnetpcap.FlowGenerator    FlagFIN current has 798 flow
2019-02-28 14:08:38 DEBUG cic.cs.unb.ca.jnetpcap.FlowGenerator    FlagFIN current has 798 flow
2019-02-28 14:08:38 DEBUG cic.cs.unb.ca.jnetpcap.FlowGenerator    FlagFIN current has 798 flow
2019-02-28 14:08:38 DEBUG cic.cs.unb.ca.jnetpcap.FlowGenerator    FlagFIN current has 798 flow
2019-02-28 14:09:24 DEBUG cic.cs.unb.ca.jnetpcap.FlowGenerator    FlagFIN current has 846 flow
2019-02-28 14:09:24 DEBUG cic.cs.unb.ca.jnetpcap.FlowGenerator    FlagFIN current has 847 flow
2019-02-28 14:09:24 DEBUG cic.cs.unb.ca.jnetpcap.FlowGenerator    Timeout current has 850 flow
2019-02-28 14:09:24 DEBUG cic.cs.unb.ca.jnetpcap.FlowGenerator    Timeout current has 850 flow
2019-02-28 14:09:36 DEBUG cic.cs.unb.ca.jnetpcap.FlowGenerator    Timeout current has 950 flow
2019-02-28 14:09:36 DEBUG cic.cs.unb.ca.jnetpcap.FlowGenerator    Timeout current has 950 flow
2019-02-28 14:09:42 DEBUG cic.cs.unb.ca.jnetpcap.FlowGenerator    Timeout current has 1050 flow
2019-02-28 14:09:42 DEBUG cic.cs.unb.ca.jnetpcap.FlowGenerator    Timeout current has 1050 flow
2019-02-28 14:09:42 DEBUG cic.cs.unb.ca.jnetpcap.FlowGenerator    Timeout current has 1050 flow
2019-02-28 14:09:43 DEBUG cic.cs.unb.ca.jnetpcap.FlowGenerator    FlagFIN current has 1073 flow
2019-02-28 14:09:43 DEBUG cic.cs.unb.ca.jnetpcap.FlowGenerator    FlagFIN current has 1074 flow
2019-02-28 14:09:55 DEBUG cic.cs.unb.ca.jnetpcap.FlowGenerator    FlagFIN current has 1156 flow
2019-02-28 14:09:55 DEBUG cic.cs.unb.ca.jnetpcap.FlowGenerator    FlagFIN current has 1155 flow
2019-02-28 14:10:22 DEBUG cic.cs.unb.ca.jnetpcap.FlowGenerator    FlagFIN current has 1198 flow
2019-02-28 14:10:26 DEBUG cic.cs.unb.ca.jnetpcap.FlowGenerator    FlagFIN current has 1198 flow
2019-02-28 14:10:26 DEBUG cic.cs.unb.ca.jnetpcap.FlowGenerator    FlagFIN current has 1198 flow
2019-02-28 14:10:43 DEBUG cic.cs.unb.ca.jnetpcap.FlowGenerator    FlagFIN current has 1210 flow
2019-02-28 14:11:32 DEBUG cic.cs.unb.ca.jnetpcap.FlowGenerator    Timeout current has 1350 flow
2019-02-28 14:11:56 DEBUG cic.cs.unb.ca.jnetpcap.FlowGenerator    Timeout current has 1400 flow
2019-02-28 14:11:56 DEBUG cic.cs.unb.ca.jnetpcap.FlowGenerator    FlagFIN current has 1402 flow
2019-02-28 14:11:56 DEBUG cic.cs.unb.ca.jnetpcap.FlowGenerator    FlagFIN current has 1404 flow
2019-02-28 14:12:53 DEBUG cic.cs.unb.ca.jnetpcap.FlowGenerator    FlagFIN current has 1439 flow
2019-02-28 14:13:00 DEBUG cic.cs.unb.ca.jnetpcap.FlowGenerator    Timeout current has 1450 flow
2019-02-28 14:13:00 DEBUG cic.cs.unb.ca.jnetpcap.FlowGenerator    Timeout current has 1450 flow
2019-02-28 14:15:38 INFO  cic.cs.unb.ca.jnetpcap.worker.TrafficFlowWorker    Pcap is listening...
2019-02-28 14:16:41 DEBUG cic.cs.unb.ca.jnetpcap.FlowGenerator    FlagFIN current has 53 flow
2019-02-28 14:18:02 DEBUG cic.cs.unb.ca.jnetpcap.FlowGenerator    Timeout current has 400 flow
2019-02-28 20:07:33 INFO  cic.cs.unb.ca.jnetpcap.worker.TrafficFlowWorker    Pcap is listening...
2019-02-28 20:08:25 DEBUG cic.cs.unb.ca.jnetpcap.FlowGenerator    FlagFIN current has 333 flow
2019-02-28 20:08:25 DEBUG cic.cs.unb.ca.jnetpcap.FlowGenerator    FlagFIN current has 333 flow
2019-02-28 20:08:25 DEBUG cic.cs.unb.ca.jnetpcap.FlowGenerator    FlagFIN current has 333 flow
2019-02-28 20:08:25 DEBUG cic.cs.unb.ca.jnetpcap.FlowGenerator    FlagFIN current has 345 flow
2019-02-28 20:08:44 DEBUG cic.cs.unb.ca.jnetpcap.FlowGenerator    FlagFIN current has 580 flow
2019-02-28 20:10:00 DEBUG cic.cs.unb.ca.jnetpcap.FlowGenerator    Timeout current has 800 flow
2019-02-28 20:13:03 DEBUG cic.cs.unb.ca.jnetpcap.FlowGenerator    FlagFIN current has 895 flow
2019-02-28 20:14:05 DEBUG cic.cs.unb.ca.jnetpcap.FlowGenerator    FlagFIN current has 937 flow
2019-02-28 20:14:05 DEBUG cic.cs.unb.ca.jnetpcap.FlowGenerator    FlagFIN current has 939 flow
2019-02-28 20:14:05 DEBUG cic.cs.unb.ca.jnetpcap.FlowGenerator    FlagFIN current has 939 flow
2019-02-28 20:15:05 DEBUG cic.cs.unb.ca.jnetpcap.FlowGenerator    FlagFIN current has 946 flow
2019-02-28 20:15:05 DEBUG cic.cs.unb.ca.jnetpcap.FlowGenerator    FlagFIN current has 946 flow
2019-02-28 20:19:16 DEBUG cic.cs.unb.ca.jnetpcap.FlowGenerator    Timeout current has 1000 flow
2019-02-28 20:20:17 DEBUG cic.cs.unb.ca.jnetpcap.FlowGenerator    Timeout current has 1000 flow
2019-02-28 20:20:17 DEBUG cic.cs.unb.ca.jnetpcap.FlowGenerator    Timeout current has 1000 flow
2019-02-28 20:20:17 DEBUG cic.cs.unb.ca.jnetpcap.FlowGenerator    Timeout current has 1000 flow
