2019-02-20 13:40:54 INFO  cic.cs.unb.ca.jnetpcap.worker.TrafficFlowWorker    Pcap is listening...
2019-02-20 13:42:41 INFO  cic.cs.unb.ca.flow.ui.FlowMonitorPane    Pcap stop listening
2019-02-20 13:42:41 INFO  cic.cs.unb.ca.flow.ui.FlowMonitorPane    path:/home/adityauj/module/bin/data/daily/2019-02-20_Flow.csv
2019-02-20 13:42:43 INFO  cic.cs.unb.ca.jnetpcap.worker.TrafficFlowWorker    Pcap is listening...
2019-02-20 13:42:56 DEBUG cic.cs.unb.ca.jnetpcap.worker.TrafficFlowWorker    break Packet loop
2019-02-20 13:43:11 DEBUG cic.cs.unb.ca.jnetpcap.FlowGenerator    FlagFIN current has 24 flow
2019-02-20 13:43:11 DEBUG cic.cs.unb.ca.jnetpcap.FlowGenerator    FlagFIN current has 32 flow
2019-02-20 13:43:16 DEBUG cic.cs.unb.ca.jnetpcap.FlowGenerator    FlagFIN current has 37 flow
2019-02-20 13:43:16 DEBUG cic.cs.unb.ca.jnetpcap.FlowGenerator    FlagFIN current has 37 flow
2019-02-20 13:43:16 DEBUG cic.cs.unb.ca.jnetpcap.FlowGenerator    FlagFIN current has 37 flow
2019-02-20 13:43:16 DEBUG cic.cs.unb.ca.jnetpcap.FlowGenerator    FlagFIN current has 44 flow
2019-02-20 13:43:25 DEBUG cic.cs.unb.ca.jnetpcap.FlowGenerator    FlagFIN current has 46 flow
2019-02-20 13:43:25 DEBUG cic.cs.unb.ca.jnetpcap.FlowGenerator    FlagFIN current has 45 flow
2019-02-20 13:43:26 DEBUG cic.cs.unb.ca.jnetpcap.FlowGenerator    FlagFIN current has 48 flow
2019-02-20 13:43:26 DEBUG cic.cs.unb.ca.jnetpcap.FlowGenerator    FlagFIN current has 48 flow
2019-02-20 13:43:26 DEBUG cic.cs.unb.ca.jnetpcap.FlowGenerator    FlagFIN current has 47 flow
2019-02-20 13:43:26 DEBUG cic.cs.unb.ca.jnetpcap.FlowGenerator    FlagFIN current has 48 flow
2019-02-20 13:43:26 DEBUG cic.cs.unb.ca.jnetpcap.FlowGenerator    FlagFIN current has 48 flow
2019-02-20 13:43:26 DEBUG cic.cs.unb.ca.jnetpcap.FlowGenerator    FlagFIN current has 47 flow
2019-02-20 13:43:26 DEBUG cic.cs.unb.ca.jnetpcap.FlowGenerator    FlagFIN current has 50 flow
2019-02-20 13:43:26 DEBUG cic.cs.unb.ca.jnetpcap.FlowGenerator    FlagFIN current has 52 flow
2019-02-20 13:43:26 DEBUG cic.cs.unb.ca.jnetpcap.FlowGenerator    FlagFIN current has 52 flow
2019-02-20 13:43:26 DEBUG cic.cs.unb.ca.jnetpcap.FlowGenerator    FlagFIN current has 52 flow
2019-02-20 13:43:26 DEBUG cic.cs.unb.ca.jnetpcap.FlowGenerator    FlagFIN current has 51 flow
2019-02-20 13:43:46 DEBUG cic.cs.unb.ca.jnetpcap.FlowGenerator    FlagFIN current has 65 flow
2019-02-20 13:43:46 DEBUG cic.cs.unb.ca.jnetpcap.FlowGenerator    FlagFIN current has 64 flow
2019-02-20 13:43:46 DEBUG cic.cs.unb.ca.jnetpcap.FlowGenerator    FlagFIN current has 68 flow
2019-02-20 13:43:46 DEBUG cic.cs.unb.ca.jnetpcap.FlowGenerator    FlagFIN current has 68 flow
2019-02-20 13:43:46 DEBUG cic.cs.unb.ca.jnetpcap.FlowGenerator    FlagFIN current has 67 flow
2019-02-20 13:43:46 DEBUG cic.cs.unb.ca.jnetpcap.FlowGenerator    FlagFIN current has 66 flow
2019-02-20 13:43:46 DEBUG cic.cs.unb.ca.jnetpcap.FlowGenerator    FlagFIN current has 65 flow
2019-02-20 13:43:46 DEBUG cic.cs.unb.ca.jnetpcap.FlowGenerator    FlagFIN current has 64 flow
2019-02-20 13:43:46 DEBUG cic.cs.unb.ca.jnetpcap.FlowGenerator    FlagFIN current has 68 flow
2019-02-20 13:43:46 DEBUG cic.cs.unb.ca.jnetpcap.FlowGenerator    FlagFIN current has 68 flow
2019-02-20 13:44:36 DEBUG cic.cs.unb.ca.jnetpcap.FlowGenerator    FlagFIN current has 68 flow
2019-02-20 13:44:36 DEBUG cic.cs.unb.ca.jnetpcap.FlowGenerator    FlagFIN current has 67 flow
2019-02-20 13:44:36 DEBUG cic.cs.unb.ca.jnetpcap.FlowGenerator    FlagFIN current has 66 flow
2019-02-20 13:44:36 DEBUG cic.cs.unb.ca.jnetpcap.FlowGenerator    FlagFIN current has 65 flow
2019-02-20 13:44:36 DEBUG cic.cs.unb.ca.jnetpcap.FlowGenerator    FlagFIN current has 64 flow
2019-02-20 13:44:36 DEBUG cic.cs.unb.ca.jnetpcap.FlowGenerator    FlagFIN current has 63 flow
2019-02-20 13:44:36 DEBUG cic.cs.unb.ca.jnetpcap.FlowGenerator    FlagFIN current has 62 flow
2019-02-20 13:44:36 DEBUG cic.cs.unb.ca.jnetpcap.FlowGenerator    FlagFIN current has 74 flow
2019-02-20 13:44:36 DEBUG cic.cs.unb.ca.jnetpcap.FlowGenerator    FlagFIN current has 74 flow
2019-02-20 13:44:36 DEBUG cic.cs.unb.ca.jnetpcap.FlowGenerator    FlagFIN current has 74 flow
2019-02-20 13:44:36 DEBUG cic.cs.unb.ca.jnetpcap.FlowGenerator    FlagFIN current has 76 flow
2019-02-20 13:44:36 DEBUG cic.cs.unb.ca.jnetpcap.FlowGenerator    FlagFIN current has 75 flow
2019-02-20 13:44:36 DEBUG cic.cs.unb.ca.jnetpcap.FlowGenerator    FlagFIN current has 76 flow
2019-02-20 13:44:36 DEBUG cic.cs.unb.ca.jnetpcap.FlowGenerator    FlagFIN current has 77 flow
2019-02-20 13:44:36 DEBUG cic.cs.unb.ca.jnetpcap.FlowGenerator    FlagFIN current has 79 flow
2019-02-20 13:44:36 DEBUG cic.cs.unb.ca.jnetpcap.FlowGenerator    FlagFIN current has 79 flow
2019-02-20 13:44:36 DEBUG cic.cs.unb.ca.jnetpcap.FlowGenerator    FlagFIN current has 79 flow
2019-02-20 13:44:36 DEBUG cic.cs.unb.ca.jnetpcap.FlowGenerator    FlagFIN current has 79 flow
2019-02-20 13:44:36 DEBUG cic.cs.unb.ca.jnetpcap.FlowGenerator    FlagFIN current has 79 flow
2019-02-20 13:44:36 DEBUG cic.cs.unb.ca.jnetpcap.FlowGenerator    FlagFIN current has 78 flow
2019-02-20 13:44:45 DEBUG cic.cs.unb.ca.jnetpcap.FlowGenerator    FlagFIN current has 101 flow
2019-02-20 13:44:48 DEBUG cic.cs.unb.ca.jnetpcap.FlowGenerator    FlagFIN current has 102 flow
2019-02-20 13:44:48 DEBUG cic.cs.unb.ca.jnetpcap.FlowGenerator    FlagFIN current has 110 flow
2019-02-20 13:44:50 DEBUG cic.cs.unb.ca.jnetpcap.FlowGenerator    FlagFIN current has 118 flow
2019-02-20 13:44:50 DEBUG cic.cs.unb.ca.jnetpcap.FlowGenerator    FlagFIN current has 118 flow
2019-02-20 13:44:51 DEBUG cic.cs.unb.ca.jnetpcap.FlowGenerator    FlagFIN current has 118 flow
2019-02-20 13:44:53 DEBUG cic.cs.unb.ca.jnetpcap.FlowGenerator    FlagFIN current has 118 flow
2019-02-20 13:44:57 DEBUG cic.cs.unb.ca.jnetpcap.FlowGenerator    FlagFIN current has 118 flow
2019-02-20 13:44:57 DEBUG cic.cs.unb.ca.jnetpcap.FlowGenerator    FlagFIN current has 118 flow
2019-02-20 13:44:57 DEBUG cic.cs.unb.ca.jnetpcap.FlowGenerator    FlagFIN current has 118 flow
2019-02-20 13:45:00 DEBUG cic.cs.unb.ca.jnetpcap.FlowGenerator    FlagFIN current has 118 flow
2019-02-20 13:45:05 DEBUG cic.cs.unb.ca.jnetpcap.FlowGenerator    FlagFIN current has 119 flow
2019-02-20 13:45:05 DEBUG cic.cs.unb.ca.jnetpcap.FlowGenerator    FlagFIN current has 118 flow
2019-02-20 13:45:05 DEBUG cic.cs.unb.ca.jnetpcap.FlowGenerator    FlagFIN current has 117 flow
2019-02-20 13:45:05 DEBUG cic.cs.unb.ca.jnetpcap.FlowGenerator    FlagFIN current has 116 flow
2019-02-20 13:45:05 DEBUG cic.cs.unb.ca.jnetpcap.FlowGenerator    FlagFIN current has 115 flow
2019-02-20 13:45:05 DEBUG cic.cs.unb.ca.jnetpcap.FlowGenerator    FlagFIN current has 117 flow
2019-02-20 13:45:05 DEBUG cic.cs.unb.ca.jnetpcap.FlowGenerator    FlagFIN current has 116 flow
2019-02-20 13:45:17 DEBUG cic.cs.unb.ca.jnetpcap.FlowGenerator    FlagFIN current has 124 flow
2019-02-20 13:45:17 DEBUG cic.cs.unb.ca.jnetpcap.FlowGenerator    FlagFIN current has 124 flow
2019-02-20 13:45:25 DEBUG cic.cs.unb.ca.jnetpcap.FlowGenerator    FlagFIN current has 130 flow
2019-02-20 13:45:30 DEBUG cic.cs.unb.ca.jnetpcap.FlowGenerator    FlagFIN current has 131 flow
2019-02-20 13:45:30 DEBUG cic.cs.unb.ca.jnetpcap.FlowGenerator    FlagFIN current has 130 flow
2019-02-20 13:45:30 DEBUG cic.cs.unb.ca.jnetpcap.FlowGenerator    FlagFIN current has 133 flow
2019-02-20 13:45:30 DEBUG cic.cs.unb.ca.jnetpcap.FlowGenerator    FlagFIN current has 132 flow
2019-02-20 13:45:30 DEBUG cic.cs.unb.ca.jnetpcap.FlowGenerator    FlagFIN current has 133 flow
2019-02-20 13:45:33 DEBUG cic.cs.unb.ca.jnetpcap.FlowGenerator    FlagFIN current has 134 flow
2019-02-20 13:45:39 DEBUG cic.cs.unb.ca.jnetpcap.FlowGenerator    FlagFIN current has 134 flow
2019-02-20 13:45:39 DEBUG cic.cs.unb.ca.jnetpcap.FlowGenerator    FlagFIN current has 135 flow
2019-02-20 13:45:39 DEBUG cic.cs.unb.ca.jnetpcap.FlowGenerator    FlagFIN current has 135 flow
2019-02-20 13:45:39 DEBUG cic.cs.unb.ca.jnetpcap.FlowGenerator    FlagFIN current has 135 flow
2019-02-20 13:45:39 DEBUG cic.cs.unb.ca.jnetpcap.FlowGenerator    FlagFIN current has 135 flow
2019-02-20 13:45:39 DEBUG cic.cs.unb.ca.jnetpcap.FlowGenerator    FlagFIN current has 135 flow
2019-02-20 13:46:14 DEBUG cic.cs.unb.ca.jnetpcap.FlowGenerator    FlagFIN current has 136 flow
2019-02-20 13:46:14 DEBUG cic.cs.unb.ca.jnetpcap.FlowGenerator    FlagFIN current has 135 flow
2019-02-20 13:46:14 DEBUG cic.cs.unb.ca.jnetpcap.FlowGenerator    FlagFIN current has 134 flow
2019-02-20 13:46:14 DEBUG cic.cs.unb.ca.jnetpcap.FlowGenerator    FlagFIN current has 135 flow
2019-02-20 13:46:14 DEBUG cic.cs.unb.ca.jnetpcap.FlowGenerator    FlagFIN current has 135 flow
2019-02-20 13:46:14 DEBUG cic.cs.unb.ca.jnetpcap.FlowGenerator    FlagFIN current has 140 flow
2019-02-20 13:46:14 DEBUG cic.cs.unb.ca.jnetpcap.FlowGenerator    FlagFIN current has 143 flow
2019-02-20 13:46:14 DEBUG cic.cs.unb.ca.jnetpcap.FlowGenerator    FlagFIN current has 144 flow
2019-02-20 13:46:14 DEBUG cic.cs.unb.ca.jnetpcap.FlowGenerator    FlagFIN current has 144 flow
2019-02-20 13:46:14 DEBUG cic.cs.unb.ca.jnetpcap.FlowGenerator    FlagFIN current has 144 flow
2019-02-20 13:46:14 DEBUG cic.cs.unb.ca.jnetpcap.FlowGenerator    FlagFIN current has 144 flow
2019-02-20 13:46:14 DEBUG cic.cs.unb.ca.jnetpcap.FlowGenerator    FlagFIN current has 144 flow
2019-02-20 13:46:14 DEBUG cic.cs.unb.ca.jnetpcap.FlowGenerator    FlagFIN current has 143 flow
2019-02-20 13:46:14 DEBUG cic.cs.unb.ca.jnetpcap.FlowGenerator    FlagFIN current has 142 flow
2019-02-20 13:46:14 DEBUG cic.cs.unb.ca.jnetpcap.FlowGenerator    FlagFIN current has 141 flow
2019-02-20 13:46:14 DEBUG cic.cs.unb.ca.jnetpcap.FlowGenerator    FlagFIN current has 140 flow
2019-02-20 13:46:14 DEBUG cic.cs.unb.ca.jnetpcap.FlowGenerator    FlagFIN current has 141 flow
2019-02-20 13:46:14 DEBUG cic.cs.unb.ca.jnetpcap.FlowGenerator    FlagFIN current has 146 flow
2019-02-20 13:46:14 DEBUG cic.cs.unb.ca.jnetpcap.FlowGenerator    FlagFIN current has 147 flow
2019-02-20 13:46:14 DEBUG cic.cs.unb.ca.jnetpcap.FlowGenerator    FlagFIN current has 147 flow
2019-02-20 13:46:15 DEBUG cic.cs.unb.ca.jnetpcap.FlowGenerator    FlagFIN current has 149 flow
2019-02-20 13:46:15 DEBUG cic.cs.unb.ca.jnetpcap.FlowGenerator    FlagFIN current has 154 flow
2019-02-20 13:46:15 DEBUG cic.cs.unb.ca.jnetpcap.FlowGenerator    FlagFIN current has 154 flow
2019-02-20 13:46:19 DEBUG cic.cs.unb.ca.jnetpcap.FlowGenerator    FlagFIN current has 159 flow
2019-02-20 13:46:21 DEBUG cic.cs.unb.ca.jnetpcap.FlowGenerator    FlagFIN current has 166 flow
2019-02-20 13:46:24 DEBUG cic.cs.unb.ca.jnetpcap.FlowGenerator    FlagFIN current has 165 flow
2019-02-20 13:46:24 DEBUG cic.cs.unb.ca.jnetpcap.FlowGenerator    FlagFIN current has 165 flow
2019-02-20 13:46:24 DEBUG cic.cs.unb.ca.jnetpcap.FlowGenerator    FlagFIN current has 165 flow
2019-02-20 13:46:24 DEBUG cic.cs.unb.ca.jnetpcap.FlowGenerator    FlagFIN current has 164 flow
2019-02-20 13:46:24 DEBUG cic.cs.unb.ca.jnetpcap.FlowGenerator    FlagFIN current has 163 flow
2019-02-20 13:46:24 DEBUG cic.cs.unb.ca.jnetpcap.FlowGenerator    FlagFIN current has 173 flow
2019-02-20 13:46:27 DEBUG cic.cs.unb.ca.jnetpcap.FlowGenerator    FlagFIN current has 173 flow
2019-02-20 13:46:27 DEBUG cic.cs.unb.ca.jnetpcap.FlowGenerator    FlagFIN current has 173 flow
2019-02-20 13:46:29 DEBUG cic.cs.unb.ca.jnetpcap.FlowGenerator    FlagFIN current has 178 flow
2019-02-20 13:46:29 DEBUG cic.cs.unb.ca.jnetpcap.FlowGenerator    FlagFIN current has 177 flow
2019-02-20 13:46:29 DEBUG cic.cs.unb.ca.jnetpcap.FlowGenerator    FlagFIN current has 178 flow
2019-02-20 13:46:29 DEBUG cic.cs.unb.ca.jnetpcap.FlowGenerator    FlagFIN current has 178 flow
2019-02-20 13:46:30 DEBUG cic.cs.unb.ca.jnetpcap.FlowGenerator    FlagFIN current has 178 flow
2019-02-20 13:46:30 DEBUG cic.cs.unb.ca.jnetpcap.FlowGenerator    FlagFIN current has 178 flow
2019-02-20 13:46:30 DEBUG cic.cs.unb.ca.jnetpcap.FlowGenerator    FlagFIN current has 178 flow
2019-02-20 13:46:33 DEBUG cic.cs.unb.ca.jnetpcap.FlowGenerator    FlagFIN current has 179 flow
2019-02-20 13:46:33 DEBUG cic.cs.unb.ca.jnetpcap.FlowGenerator    FlagFIN current has 178 flow
2019-02-20 13:46:33 DEBUG cic.cs.unb.ca.jnetpcap.FlowGenerator    FlagFIN current has 178 flow
2019-02-20 13:46:39 DEBUG cic.cs.unb.ca.jnetpcap.FlowGenerator    FlagFIN current has 180 flow
2019-02-20 13:46:39 DEBUG cic.cs.unb.ca.jnetpcap.FlowGenerator    FlagFIN current has 179 flow
2019-02-20 13:46:39 DEBUG cic.cs.unb.ca.jnetpcap.FlowGenerator    FlagFIN current has 178 flow
2019-02-20 13:46:39 DEBUG cic.cs.unb.ca.jnetpcap.FlowGenerator    FlagFIN current has 177 flow
2019-02-20 13:46:39 DEBUG cic.cs.unb.ca.jnetpcap.FlowGenerator    FlagFIN current has 176 flow
2019-02-20 13:46:39 DEBUG cic.cs.unb.ca.jnetpcap.FlowGenerator    FlagFIN current has 175 flow
2019-02-20 13:46:39 DEBUG cic.cs.unb.ca.jnetpcap.FlowGenerator    FlagFIN current has 174 flow
2019-02-20 13:46:39 DEBUG cic.cs.unb.ca.jnetpcap.FlowGenerator    FlagFIN current has 173 flow
2019-02-20 13:46:39 DEBUG cic.cs.unb.ca.jnetpcap.FlowGenerator    FlagFIN current has 172 flow
2019-02-20 13:46:39 DEBUG cic.cs.unb.ca.jnetpcap.FlowGenerator    FlagFIN current has 171 flow
2019-02-20 13:46:39 DEBUG cic.cs.unb.ca.jnetpcap.FlowGenerator    FlagFIN current has 170 flow
2019-02-20 13:46:39 DEBUG cic.cs.unb.ca.jnetpcap.FlowGenerator    FlagFIN current has 169 flow
2019-02-20 13:46:39 DEBUG cic.cs.unb.ca.jnetpcap.FlowGenerator    FlagFIN current has 168 flow
2019-02-20 13:46:39 DEBUG cic.cs.unb.ca.jnetpcap.FlowGenerator    FlagFIN current has 167 flow
2019-02-20 13:46:39 DEBUG cic.cs.unb.ca.jnetpcap.FlowGenerator    FlagFIN current has 166 flow
2019-02-20 13:46:39 DEBUG cic.cs.unb.ca.jnetpcap.FlowGenerator    FlagFIN current has 165 flow
2019-02-20 13:46:39 DEBUG cic.cs.unb.ca.jnetpcap.FlowGenerator    FlagFIN current has 164 flow
2019-02-20 13:46:39 DEBUG cic.cs.unb.ca.jnetpcap.FlowGenerator    FlagFIN current has 163 flow
2019-02-20 13:46:39 DEBUG cic.cs.unb.ca.jnetpcap.FlowGenerator    FlagFIN current has 162 flow
2019-02-20 13:46:39 DEBUG cic.cs.unb.ca.jnetpcap.FlowGenerator    FlagFIN current has 161 flow
2019-02-20 13:46:39 DEBUG cic.cs.unb.ca.jnetpcap.FlowGenerator    FlagFIN current has 160 flow
2019-02-20 13:46:39 DEBUG cic.cs.unb.ca.jnetpcap.FlowGenerator    FlagFIN current has 159 flow
2019-02-20 13:46:39 DEBUG cic.cs.unb.ca.jnetpcap.FlowGenerator    FlagFIN current has 158 flow
2019-02-20 13:46:39 DEBUG cic.cs.unb.ca.jnetpcap.FlowGenerator    FlagFIN current has 157 flow
2019-02-20 13:46:39 DEBUG cic.cs.unb.ca.jnetpcap.FlowGenerator    FlagFIN current has 156 flow
2019-02-20 13:46:39 DEBUG cic.cs.unb.ca.jnetpcap.FlowGenerator    FlagFIN current has 155 flow
2019-02-20 13:46:39 DEBUG cic.cs.unb.ca.jnetpcap.FlowGenerator    FlagFIN current has 154 flow
2019-02-20 13:46:39 DEBUG cic.cs.unb.ca.jnetpcap.FlowGenerator    FlagFIN current has 153 flow
2019-02-20 13:46:39 DEBUG cic.cs.unb.ca.jnetpcap.FlowGenerator    FlagFIN current has 152 flow
2019-02-20 13:46:39 DEBUG cic.cs.unb.ca.jnetpcap.FlowGenerator    FlagFIN current has 151 flow
2019-02-20 13:46:39 DEBUG cic.cs.unb.ca.jnetpcap.FlowGenerator    FlagFIN current has 150 flow
2019-02-20 13:46:39 DEBUG cic.cs.unb.ca.jnetpcap.FlowGenerator    FlagFIN current has 149 flow
2019-02-20 13:46:39 DEBUG cic.cs.unb.ca.jnetpcap.FlowGenerator    FlagFIN current has 148 flow
2019-02-20 13:46:39 DEBUG cic.cs.unb.ca.jnetpcap.FlowGenerator    FlagFIN current has 164 flow
2019-02-20 13:46:39 DEBUG cic.cs.unb.ca.jnetpcap.FlowGenerator    FlagFIN current has 167 flow
2019-02-20 13:46:39 DEBUG cic.cs.unb.ca.jnetpcap.FlowGenerator    FlagFIN current has 167 flow
2019-02-20 13:46:39 DEBUG cic.cs.unb.ca.jnetpcap.FlowGenerator    FlagFIN current has 174 flow
2019-02-20 13:46:39 DEBUG cic.cs.unb.ca.jnetpcap.FlowGenerator    FlagFIN current has 180 flow
2019-02-20 13:46:39 DEBUG cic.cs.unb.ca.jnetpcap.FlowGenerator    FlagFIN current has 189 flow
2019-02-20 13:46:39 DEBUG cic.cs.unb.ca.jnetpcap.FlowGenerator    FlagFIN current has 189 flow
2019-02-20 13:46:39 DEBUG cic.cs.unb.ca.jnetpcap.FlowGenerator    FlagFIN current has 189 flow
2019-02-20 13:46:39 DEBUG cic.cs.unb.ca.jnetpcap.FlowGenerator    FlagFIN current has 189 flow
2019-02-20 13:46:39 DEBUG cic.cs.unb.ca.jnetpcap.FlowGenerator    FlagFIN current has 189 flow
2019-02-20 13:46:39 DEBUG cic.cs.unb.ca.jnetpcap.FlowGenerator    FlagFIN current has 189 flow
2019-02-20 13:46:39 DEBUG cic.cs.unb.ca.jnetpcap.FlowGenerator    FlagFIN current has 189 flow
2019-02-20 13:46:39 DEBUG cic.cs.unb.ca.jnetpcap.FlowGenerator    FlagFIN current has 189 flow
2019-02-20 13:46:39 DEBUG cic.cs.unb.ca.jnetpcap.FlowGenerator    FlagFIN current has 189 flow
2019-02-20 13:46:39 DEBUG cic.cs.unb.ca.jnetpcap.FlowGenerator    FlagFIN current has 189 flow
2019-02-20 13:46:39 DEBUG cic.cs.unb.ca.jnetpcap.FlowGenerator    FlagFIN current has 189 flow
2019-02-20 13:46:39 DEBUG cic.cs.unb.ca.jnetpcap.FlowGenerator    FlagFIN current has 189 flow
2019-02-20 13:46:39 DEBUG cic.cs.unb.ca.jnetpcap.FlowGenerator    FlagFIN current has 189 flow
2019-02-20 13:46:48 DEBUG cic.cs.unb.ca.jnetpcap.FlowGenerator    FlagFIN current has 202 flow
2019-02-20 13:46:51 DEBUG cic.cs.unb.ca.jnetpcap.FlowGenerator    FlagFIN current has 202 flow
2019-02-20 13:46:51 DEBUG cic.cs.unb.ca.jnetpcap.FlowGenerator    FlagFIN current has 202 flow
2019-02-20 13:46:51 DEBUG cic.cs.unb.ca.jnetpcap.FlowGenerator    FlagFIN current has 201 flow
2019-02-20 13:46:51 DEBUG cic.cs.unb.ca.jnetpcap.FlowGenerator    FlagFIN current has 202 flow
2019-02-20 13:46:51 DEBUG cic.cs.unb.ca.jnetpcap.FlowGenerator    FlagFIN current has 202 flow
2019-02-20 13:47:04 DEBUG cic.cs.unb.ca.jnetpcap.FlowGenerator    FlagFIN current has 203 flow
2019-02-20 13:47:04 DEBUG cic.cs.unb.ca.jnetpcap.FlowGenerator    FlagFIN current has 202 flow
2019-02-20 13:47:04 DEBUG cic.cs.unb.ca.jnetpcap.FlowGenerator    FlagFIN current has 201 flow
2019-02-20 13:47:14 DEBUG cic.cs.unb.ca.jnetpcap.FlowGenerator    FlagFIN current has 206 flow
2019-02-20 13:47:14 DEBUG cic.cs.unb.ca.jnetpcap.FlowGenerator    FlagFIN current has 206 flow
2019-02-20 13:48:18 DEBUG cic.cs.unb.ca.jnetpcap.FlowGenerator    FlagFIN current has 207 flow
2019-02-20 13:48:18 DEBUG cic.cs.unb.ca.jnetpcap.FlowGenerator    FlagFIN current has 206 flow
2019-02-20 13:48:18 DEBUG cic.cs.unb.ca.jnetpcap.FlowGenerator    FlagFIN current has 205 flow
2019-02-20 13:48:18 DEBUG cic.cs.unb.ca.jnetpcap.FlowGenerator    FlagFIN current has 204 flow
2019-02-20 13:48:18 DEBUG cic.cs.unb.ca.jnetpcap.FlowGenerator    FlagFIN current has 203 flow
2019-02-20 13:48:18 DEBUG cic.cs.unb.ca.jnetpcap.FlowGenerator    FlagFIN current has 202 flow
2019-02-20 13:48:18 DEBUG cic.cs.unb.ca.jnetpcap.FlowGenerator    FlagFIN current has 201 flow
2019-02-20 13:48:18 DEBUG cic.cs.unb.ca.jnetpcap.FlowGenerator    FlagFIN current has 200 flow
2019-02-20 13:48:18 DEBUG cic.cs.unb.ca.jnetpcap.FlowGenerator    FlagFIN current has 212 flow
2019-02-20 13:48:18 DEBUG cic.cs.unb.ca.jnetpcap.FlowGenerator    FlagFIN current has 213 flow
2019-02-20 13:48:18 DEBUG cic.cs.unb.ca.jnetpcap.FlowGenerator    FlagFIN current has 225 flow
2019-02-20 13:48:18 DEBUG cic.cs.unb.ca.jnetpcap.FlowGenerator    FlagFIN current has 224 flow
2019-02-20 13:48:18 DEBUG cic.cs.unb.ca.jnetpcap.FlowGenerator    FlagFIN current has 223 flow
2019-02-20 13:48:18 DEBUG cic.cs.unb.ca.jnetpcap.FlowGenerator    FlagFIN current has 222 flow
2019-02-20 13:48:18 DEBUG cic.cs.unb.ca.jnetpcap.FlowGenerator    FlagFIN current has 233 flow
2019-02-20 13:48:18 DEBUG cic.cs.unb.ca.jnetpcap.FlowGenerator    FlagFIN current has 232 flow
2019-02-20 13:48:18 DEBUG cic.cs.unb.ca.jnetpcap.FlowGenerator    FlagFIN current has 235 flow
2019-02-20 13:48:18 DEBUG cic.cs.unb.ca.jnetpcap.FlowGenerator    FlagFIN current has 234 flow
2019-02-20 13:49:40 INFO  cic.cs.unb.ca.flow.ui.FlowMonitorPane    Pcap stop listening
2019-02-20 13:49:40 INFO  cic.cs.unb.ca.flow.ui.FlowMonitorPane    path:/home/adityauj/module/bin/data/daily/2019-02-20_Flow.csv
2019-02-20 13:50:21 DEBUG cic.cs.unb.ca.jnetpcap.worker.TrafficFlowWorker    break Packet loop
2019-02-20 14:27:10 INFO  cic.cs.unb.ca.jnetpcap.worker.TrafficFlowWorker    Pcap is listening...
2019-02-20 14:30:14 INFO  cic.cs.unb.ca.flow.ui.FlowMonitorPane    Pcap stop listening
2019-02-20 14:30:14 INFO  cic.cs.unb.ca.flow.ui.FlowMonitorPane    path:/home/adityauj/module/bin/data/daily/2019-02-20_Flow.csv
2019-02-20 14:31:00 INFO  cic.cs.unb.ca.jnetpcap.worker.TrafficFlowWorker    Pcap is listening...
2019-02-20 14:31:16 DEBUG cic.cs.unb.ca.jnetpcap.FlowGenerator    FlagFIN current has 149 flow
2019-02-20 14:31:16 DEBUG cic.cs.unb.ca.jnetpcap.FlowGenerator    FlagFIN current has 150 flow
2019-02-20 14:31:16 DEBUG cic.cs.unb.ca.jnetpcap.FlowGenerator    FlagFIN current has 150 flow
2019-02-20 14:32:33 DEBUG cic.cs.unb.ca.jnetpcap.FlowGenerator    FlagFIN current has 970 flow
2019-02-20 14:33:37 DEBUG cic.cs.unb.ca.jnetpcap.FlowGenerator    Timeout current has 1350 flow
2019-02-20 14:33:37 DEBUG cic.cs.unb.ca.jnetpcap.FlowGenerator    Timeout current has 1350 flow
2019-02-20 14:33:44 DEBUG cic.cs.unb.ca.jnetpcap.FlowGenerator    FlagFIN current has 1386 flow
2019-02-20 14:33:44 DEBUG cic.cs.unb.ca.jnetpcap.FlowGenerator    FlagFIN current has 1390 flow
2019-02-20 14:33:44 DEBUG cic.cs.unb.ca.jnetpcap.FlowGenerator    FlagFIN current has 1400 flow
2019-02-20 14:34:01 DEBUG cic.cs.unb.ca.jnetpcap.FlowGenerator    FlagFIN current has 1421 flow
2019-02-20 14:34:01 DEBUG cic.cs.unb.ca.jnetpcap.FlowGenerator    FlagFIN current has 1428 flow
2019-02-20 14:34:01 DEBUG cic.cs.unb.ca.jnetpcap.FlowGenerator    FlagFIN current has 1431 flow
2019-02-20 14:34:01 DEBUG cic.cs.unb.ca.jnetpcap.FlowGenerator    FlagFIN current has 1458 flow
2019-02-20 14:34:18 DEBUG cic.cs.unb.ca.jnetpcap.FlowGenerator    FlagFIN current has 1664 flow
2019-02-20 14:35:13 DEBUG cic.cs.unb.ca.jnetpcap.FlowGenerator    FlagFIN current has 2079 flow
2019-02-20 14:35:13 DEBUG cic.cs.unb.ca.jnetpcap.FlowGenerator    FlagFIN current has 2084 flow
2019-02-20 14:35:13 DEBUG cic.cs.unb.ca.jnetpcap.FlowGenerator    FlagFIN current has 2085 flow
2019-02-20 14:35:26 DEBUG cic.cs.unb.ca.jnetpcap.FlowGenerator    FlagFIN current has 2086 flow
2019-02-20 14:35:26 DEBUG cic.cs.unb.ca.jnetpcap.FlowGenerator    FlagFIN current has 2087 flow
2019-02-20 14:35:26 DEBUG cic.cs.unb.ca.jnetpcap.FlowGenerator    FlagFIN current has 2088 flow
2019-02-20 14:35:26 DEBUG cic.cs.unb.ca.jnetpcap.FlowGenerator    FlagFIN current has 2089 flow
2019-02-20 14:35:26 DEBUG cic.cs.unb.ca.jnetpcap.FlowGenerator    FlagFIN current has 2090 flow
2019-02-20 14:35:26 DEBUG cic.cs.unb.ca.jnetpcap.FlowGenerator    FlagFIN current has 2093 flow
2019-02-20 14:35:26 DEBUG cic.cs.unb.ca.jnetpcap.FlowGenerator    FlagFIN current has 2094 flow
2019-02-20 14:35:26 DEBUG cic.cs.unb.ca.jnetpcap.FlowGenerator    FlagFIN current has 2095 flow
2019-02-20 14:35:26 DEBUG cic.cs.unb.ca.jnetpcap.FlowGenerator    FlagFIN current has 2096 flow
2019-02-20 14:35:26 DEBUG cic.cs.unb.ca.jnetpcap.FlowGenerator    FlagFIN current has 2097 flow
2019-02-20 14:35:26 DEBUG cic.cs.unb.ca.jnetpcap.FlowGenerator    FlagFIN current has 2098 flow
2019-02-20 14:35:26 DEBUG cic.cs.unb.ca.jnetpcap.FlowGenerator    FlagFIN current has 2099 flow
2019-02-20 14:35:26 DEBUG cic.cs.unb.ca.jnetpcap.FlowGenerator    FlagFIN current has 2100 flow
2019-02-20 14:35:26 DEBUG cic.cs.unb.ca.jnetpcap.FlowGenerator    FlagFIN current has 2101 flow
2019-02-20 14:35:26 DEBUG cic.cs.unb.ca.jnetpcap.FlowGenerator    FlagFIN current has 2137 flow
2019-02-20 14:35:26 DEBUG cic.cs.unb.ca.jnetpcap.FlowGenerator    FlagFIN current has 2143 flow
2019-02-20 14:35:26 DEBUG cic.cs.unb.ca.jnetpcap.FlowGenerator    FlagFIN current has 2144 flow
2019-02-20 14:35:26 DEBUG cic.cs.unb.ca.jnetpcap.FlowGenerator    FlagFIN current has 2145 flow
2019-02-20 14:35:26 DEBUG cic.cs.unb.ca.jnetpcap.FlowGenerator    FlagFIN current has 2146 flow
2019-02-20 14:35:26 DEBUG cic.cs.unb.ca.jnetpcap.FlowGenerator    FlagFIN current has 2147 flow
2019-02-20 14:35:26 DEBUG cic.cs.unb.ca.jnetpcap.FlowGenerator    FlagFIN current has 2148 flow
2019-02-20 14:35:26 DEBUG cic.cs.unb.ca.jnetpcap.FlowGenerator    FlagFIN current has 2150 flow
2019-02-20 14:35:26 DEBUG cic.cs.unb.ca.jnetpcap.FlowGenerator    FlagFIN current has 2151 flow
2019-02-20 14:35:26 DEBUG cic.cs.unb.ca.jnetpcap.FlowGenerator    FlagFIN current has 2152 flow
2019-02-20 14:35:27 DEBUG cic.cs.unb.ca.jnetpcap.FlowGenerator    FlagFIN current has 2153 flow
2019-02-20 14:35:27 DEBUG cic.cs.unb.ca.jnetpcap.FlowGenerator    FlagFIN current has 2154 flow
2019-02-20 14:35:27 DEBUG cic.cs.unb.ca.jnetpcap.FlowGenerator    FlagFIN current has 2157 flow
2019-02-20 14:35:27 DEBUG cic.cs.unb.ca.jnetpcap.FlowGenerator    FlagFIN current has 2186 flow
2019-02-20 14:35:27 DEBUG cic.cs.unb.ca.jnetpcap.FlowGenerator    Timeout current has 2200 flow
2019-02-20 14:35:42 DEBUG cic.cs.unb.ca.jnetpcap.FlowGenerator    Timeout current has 2350 flow
2019-02-20 14:35:42 DEBUG cic.cs.unb.ca.jnetpcap.FlowGenerator    Timeout current has 2350 flow
2019-02-20 14:35:42 DEBUG cic.cs.unb.ca.jnetpcap.FlowGenerator    Timeout current has 2350 flow
2019-02-20 14:35:42 DEBUG cic.cs.unb.ca.jnetpcap.FlowGenerator    FlagFIN current has 2351 flow
2019-02-20 14:36:17 DEBUG cic.cs.unb.ca.jnetpcap.FlowGenerator    FlagFIN current has 2665 flow
2019-02-20 14:36:17 DEBUG cic.cs.unb.ca.jnetpcap.FlowGenerator    FlagFIN current has 2665 flow
2019-02-20 14:36:17 DEBUG cic.cs.unb.ca.jnetpcap.FlowGenerator    FlagFIN current has 2665 flow
2019-02-20 14:36:17 DEBUG cic.cs.unb.ca.jnetpcap.FlowGenerator    FlagFIN current has 2665 flow
2019-02-20 14:36:17 DEBUG cic.cs.unb.ca.jnetpcap.FlowGenerator    FlagFIN current has 2664 flow
2019-02-20 14:36:17 DEBUG cic.cs.unb.ca.jnetpcap.FlowGenerator    FlagFIN current has 2665 flow
2019-02-20 14:36:17 DEBUG cic.cs.unb.ca.jnetpcap.FlowGenerator    FlagFIN current has 2666 flow
2019-02-20 14:36:17 DEBUG cic.cs.unb.ca.jnetpcap.FlowGenerator    FlagFIN current has 2666 flow
2019-02-20 14:36:17 DEBUG cic.cs.unb.ca.jnetpcap.FlowGenerator    FlagFIN current has 2666 flow
2019-02-20 14:36:17 DEBUG cic.cs.unb.ca.jnetpcap.FlowGenerator    FlagFIN current has 2666 flow
2019-02-20 14:36:17 DEBUG cic.cs.unb.ca.jnetpcap.FlowGenerator    FlagFIN current has 2667 flow
2019-02-20 14:36:17 DEBUG cic.cs.unb.ca.jnetpcap.FlowGenerator    FlagFIN current has 2671 flow
2019-02-20 14:36:17 DEBUG cic.cs.unb.ca.jnetpcap.FlowGenerator    FlagFIN current has 2670 flow
2019-02-20 14:36:17 DEBUG cic.cs.unb.ca.jnetpcap.FlowGenerator    FlagFIN current has 2669 flow
2019-02-20 14:36:17 DEBUG cic.cs.unb.ca.jnetpcap.FlowGenerator    FlagFIN current has 2671 flow
2019-02-20 14:36:17 DEBUG cic.cs.unb.ca.jnetpcap.FlowGenerator    FlagFIN current has 2670 flow
2019-02-20 14:36:17 DEBUG cic.cs.unb.ca.jnetpcap.FlowGenerator    FlagFIN current has 2669 flow
2019-02-20 14:36:36 DEBUG cic.cs.unb.ca.jnetpcap.FlowGenerator    Timeout current has 2750 flow
2019-02-20 14:36:36 DEBUG cic.cs.unb.ca.jnetpcap.FlowGenerator    Timeout current has 2750 flow
2019-02-20 14:36:36 DEBUG cic.cs.unb.ca.jnetpcap.FlowGenerator    Timeout current has 2800 flow
2019-02-20 14:36:53 DEBUG cic.cs.unb.ca.jnetpcap.FlowGenerator    FlagFIN current has 2931 flow
2019-02-20 14:37:29 DEBUG cic.cs.unb.ca.jnetpcap.FlowGenerator    Timeout current has 3200 flow
2019-02-20 14:37:29 DEBUG cic.cs.unb.ca.jnetpcap.FlowGenerator    Timeout current has 3200 flow
2019-02-20 14:37:29 DEBUG cic.cs.unb.ca.jnetpcap.FlowGenerator    Timeout current has 3200 flow
2019-02-20 14:37:49 DEBUG cic.cs.unb.ca.jnetpcap.FlowGenerator    FlagFIN current has 3360 flow
2019-02-20 14:37:49 DEBUG cic.cs.unb.ca.jnetpcap.FlowGenerator    FlagFIN current has 3365 flow
2019-02-20 14:37:49 DEBUG cic.cs.unb.ca.jnetpcap.FlowGenerator    FlagFIN current has 3373 flow
2019-02-20 14:38:04 DEBUG cic.cs.unb.ca.jnetpcap.FlowGenerator    FlagFIN current has 3537 flow
2019-02-20 14:38:17 DEBUG cic.cs.unb.ca.jnetpcap.FlowGenerator    FlagFIN current has 3547 flow
2019-02-20 14:38:17 DEBUG cic.cs.unb.ca.jnetpcap.FlowGenerator    FlagFIN current has 3551 flow
2019-02-20 14:38:17 DEBUG cic.cs.unb.ca.jnetpcap.FlowGenerator    FlagFIN current has 3584 flow
2019-02-20 14:38:17 DEBUG cic.cs.unb.ca.jnetpcap.FlowGenerator    FlagFIN current has 3588 flow
2019-02-20 14:38:17 DEBUG cic.cs.unb.ca.jnetpcap.FlowGenerator    FlagFIN current has 3590 flow
2019-02-20 14:38:17 DEBUG cic.cs.unb.ca.jnetpcap.FlowGenerator    FlagFIN current has 3620 flow
2019-02-20 14:38:17 DEBUG cic.cs.unb.ca.jnetpcap.FlowGenerator    FlagFIN current has 3624 flow
2019-02-20 14:38:17 DEBUG cic.cs.unb.ca.jnetpcap.FlowGenerator    FlagFIN current has 3630 flow
2019-02-20 14:38:17 DEBUG cic.cs.unb.ca.jnetpcap.FlowGenerator    FlagFIN current has 3647 flow
2019-02-20 14:38:17 DEBUG cic.cs.unb.ca.jnetpcap.FlowGenerator    FlagFIN current has 3647 flow
2019-02-20 14:38:17 DEBUG cic.cs.unb.ca.jnetpcap.FlowGenerator    FlagFIN current has 3652 flow
2019-02-20 14:38:33 DEBUG cic.cs.unb.ca.jnetpcap.FlowGenerator    Timeout current has 3750 flow
2019-02-20 14:38:49 DEBUG cic.cs.unb.ca.jnetpcap.FlowGenerator    Timeout current has 3900 flow
2019-02-20 14:38:49 DEBUG cic.cs.unb.ca.jnetpcap.FlowGenerator    Timeout current has 3900 flow
2019-02-20 14:38:49 DEBUG cic.cs.unb.ca.jnetpcap.FlowGenerator    Timeout current has 3900 flow
2019-02-20 14:38:49 DEBUG cic.cs.unb.ca.jnetpcap.FlowGenerator    Timeout current has 3900 flow
2019-02-20 14:38:49 DEBUG cic.cs.unb.ca.jnetpcap.FlowGenerator    Timeout current has 3900 flow
2019-02-20 14:38:49 DEBUG cic.cs.unb.ca.jnetpcap.FlowGenerator    Timeout current has 3900 flow
2019-02-20 14:38:49 DEBUG cic.cs.unb.ca.jnetpcap.FlowGenerator    Timeout current has 3900 flow
2019-02-20 14:38:49 DEBUG cic.cs.unb.ca.jnetpcap.FlowGenerator    Timeout current has 3900 flow
2019-02-20 14:38:49 DEBUG cic.cs.unb.ca.jnetpcap.FlowGenerator    Timeout current has 3900 flow
2019-02-20 14:38:49 DEBUG cic.cs.unb.ca.jnetpcap.FlowGenerator    Timeout current has 3900 flow
2019-02-20 14:38:49 DEBUG cic.cs.unb.ca.jnetpcap.FlowGenerator    Timeout current has 3900 flow
2019-02-20 14:38:49 DEBUG cic.cs.unb.ca.jnetpcap.FlowGenerator    Timeout current has 3900 flow
2019-02-20 14:38:49 DEBUG cic.cs.unb.ca.jnetpcap.FlowGenerator    Timeout current has 3900 flow
2019-02-20 14:38:49 DEBUG cic.cs.unb.ca.jnetpcap.FlowGenerator    Timeout current has 3900 flow
2019-02-20 14:38:49 DEBUG cic.cs.unb.ca.jnetpcap.FlowGenerator    Timeout current has 3900 flow
2019-02-20 14:38:49 DEBUG cic.cs.unb.ca.jnetpcap.FlowGenerator    Timeout current has 3900 flow
2019-02-20 14:38:49 DEBUG cic.cs.unb.ca.jnetpcap.FlowGenerator    Timeout current has 3900 flow
