2018-12-23 15:50:27 - Pcap is listening...
2018-12-23 15:50:54 - Pcap stop listening
2018-12-23 15:50:54 - path:/home/adityauj/CICFlowMeter-4.0/bin/data/daily/2018-12-23_Flow.csv
2018-12-23 15:51:50 - Pcap is listening...
2018-12-26 20:40:36 - Pcap is listening...
2018-12-26 20:43:03 - Please select pcap!
2018-12-26 20:53:56 - Please select pcap!
2018-12-26 20:54:13 - The pcap file or folder does not exist! -> enx0c5b8f279a64
2018-12-26 20:56:19 - Please select pcap!
2019-01-02 21:51:30 - Pcap is listening...
2019-01-02 21:53:23 - Pcap stop listening
2019-01-02 21:53:23 - path:/home/adityauj/CICFlowMeter-4.0/bin/data/daily/2019-01-02_Flow.csv
2019-01-02 21:53:28 - Pcap is listening...
2019-01-02 22:04:20 - Please select pcap!
2019-01-02 22:04:41 - Please select pcap!
2019-01-02 22:04:43 - Please select pcap!
2019-02-15 20:37:21 - Pcap is listening...
2019-02-15 20:37:41 - Pcap stop listening
2019-02-15 20:37:41 - path:/home/adityauj/CICFlowMeter-4.0/bin/data/daily/2019-02-15_Flow.csv
2019-02-15 20:37:44 - Pcap is listening...
2019-02-15 20:37:53 - Pcap stop listening
2019-02-15 20:37:53 - path:/home/adityauj/CICFlowMeter-4.0/bin/data/daily/2019-02-15_Flow.csv
2019-02-15 20:38:04 - Pcap is listening...
2019-02-15 20:38:20 - Pcap stop listening
2019-02-15 20:38:20 - path:/home/adityauj/CICFlowMeter-4.0/bin/data/daily/2019-02-15_Flow.csv
2019-02-15 20:38:25 - Pcap is listening...
2019-02-15 20:38:48 - Pcap stop listening
2019-02-15 20:38:48 - path:/home/adityauj/CICFlowMeter-4.0/bin/data/daily/2019-02-15_Flow.csv
2019-02-15 20:40:08 - Pcap is listening...
2019-02-15 21:11:11 - Pcap is listening...
2019-02-15 21:11:21 - Pcap stop listening
2019-02-15 21:11:21 - path:/home/adityauj/module/bin/data/daily/2019-02-15_Flow.csv
2019-02-15 22:07:40 - Pcap is listening...
2019-02-15 22:09:55 - Pcap stop listening
2019-02-15 22:09:55 - path:/home/adityauj/module/bin/data/daily/2019-02-15_Flow.csv
2019-02-15 22:15:12 - Pcap is listening...
2019-02-15 22:18:23 - Pcap stop listening
2019-02-15 22:18:23 - path:/home/adityauj/module/bin/data/daily/2019-02-15_Flow.csv
2019-02-16 00:21:37 - Pcap is listening...
2019-02-16 00:27:17 - Pcap stop listening
2019-02-16 00:27:17 - path:/home/adityauj/module/bin/data/daily/2019-02-16_Flow.csv
2019-02-16 00:27:20 - Pcap is listening...
2019-02-16 00:27:51 - Pcap stop listening
2019-02-16 00:27:51 - path:/home/adityauj/module/bin/data/daily/2019-02-16_Flow.csv
2019-02-16 00:30:05 - Pcap is listening...
2019-02-16 00:32:22 - Pcap stop listening
2019-02-16 00:32:22 - path:/home/adityauj/module/bin/data/daily/2019-02-16_Flow.csv
2019-02-16 09:03:33 - open enp2s0 fail -> enp2s0: You don't have permission to capture on that device (socket: Operation not permitted)
2019-02-16 09:03:51 - Pcap is listening...
2019-02-16 09:05:07 - Pcap stop listening
2019-02-16 09:05:07 - path:/home/adityauj/module/bin/data/daily/2019-02-16_Flow.csv
2019-02-16 09:06:16 - Pcap is listening...
2019-02-16 11:35:37 - Pcap is listening...
2019-02-20 13:40:54 - Pcap is listening...
2019-02-20 13:42:41 - Pcap stop listening
2019-02-20 13:42:41 - path:/home/adityauj/module/bin/data/daily/2019-02-20_Flow.csv
2019-02-20 13:42:43 - Pcap is listening...
2019-02-20 13:49:40 - Pcap stop listening
2019-02-20 13:49:40 - path:/home/adityauj/module/bin/data/daily/2019-02-20_Flow.csv
2019-02-20 14:27:10 - Pcap is listening...
2019-02-20 14:30:14 - Pcap stop listening
2019-02-20 14:30:14 - path:/home/adityauj/module/bin/data/daily/2019-02-20_Flow.csv
2019-02-20 14:31:00 - Pcap is listening...
2019-02-26 18:58:03 - Pcap is listening...
2019-02-26 18:58:38 - Pcap stop listening
2019-02-26 18:58:38 - path:/home/adityauj/module/bin/data/daily/2019-02-26_Flow.csv
2019-02-26 18:58:44 - Pcap is listening...
2019-02-26 19:03:25 - Pcap is listening...
2019-02-26 19:06:18 - Pcap is listening...
2019-02-26 19:07:43 - Pcap stop listening
2019-02-26 19:07:43 - path:/home/adityauj/module/bin/data/daily/2019-02-26_Flow.csv
2019-02-28 11:07:59 - Pcap is listening...
2019-02-28 11:14:17 - Pcap is listening...
2019-02-28 11:27:47 - Pcap is listening...
2019-02-28 11:29:24 - Pcap stop listening
2019-02-28 11:29:24 - path:/home/adityauj/module/bin/data/daily/2019-02-28_Flow.csv
2019-02-28 11:33:02 - Pcap is listening...
2019-02-28 11:33:39 - Pcap stop listening
2019-02-28 11:33:39 - path:/home/adityauj/module/bin/data/daily/2019-02-28_Flow.csv
2019-02-28 11:35:21 - Pcap is listening...
2019-02-28 11:42:14 - Pcap stop listening
2019-02-28 11:42:14 - path:/home/adityauj/module/bin/data/daily/2019-02-28_Flow.csv
2019-02-28 11:50:01 - Pcap is listening...
2019-02-28 13:30:38 - Pcap is listening...
2019-02-28 13:46:33 - Pcap is listening...
2019-02-28 14:15:38 - Pcap is listening...
2019-02-28 20:07:33 - Pcap is listening...
2019-03-02 14:40:48 - Pcap is listening...
2019-03-02 14:48:51 - Pcap stop listening
2019-03-02 14:48:51 - path:/home/adityauj/module/bin/data/daily/2019-03-02_Flow.csv
2019-03-02 14:48:58 - Pcap is listening...
2019-03-02 14:49:46 - Pcap stop listening
2019-03-02 14:49:46 - path:/home/adityauj/module/bin/data/daily/2019-03-02_Flow.csv
2019-03-02 14:50:17 - Pcap is listening...
2019-03-02 14:50:34 - Pcap stop listening
2019-03-02 14:50:34 - path:/home/adityauj/module/bin/data/daily/2019-03-02_Flow.csv
2019-03-02 14:51:27 - path:/home/adityauj/module/bin/data/daily/2019-03-02_Flow.csv
2019-03-02 14:51:32 - Pcap is listening...
2019-03-02 14:53:38 - Pcap stop listening
2019-03-02 14:53:38 - path:/home/adityauj/module/bin/data/daily/2019-03-02_Flow.csv
2019-03-02 14:54:50 - Pcap is listening...
2019-03-02 14:57:59 - Pcap stop listening
2019-03-02 14:57:59 - path:/home/adityauj/module/bin/data/daily/2019-03-02_Flow.csv
2019-03-02 14:59:47 - Pcap is listening...
2019-03-17 09:24:41 - Pcap is listening...
2019-03-17 09:30:26 - Pcap stop listening
2019-03-17 09:30:26 - path:/root/module/bin/data/daily/2019-03-17_Flow.csv
2019-03-17 09:30:29 - Pcap is listening...
2019-03-17 09:32:15 - Pcap stop listening
2019-03-17 09:32:15 - path:/root/module/bin/data/daily/2019-03-17_Flow.csv
2019-03-17 09:32:17 - Pcap is listening...
2019-03-17 09:35:43 - Pcap stop listening
2019-03-17 09:35:43 - path:/root/module/bin/data/daily/2019-03-17_Flow.csv
2019-03-17 09:35:46 - Pcap is listening...
2019-03-17 09:36:40 - Pcap stop listening
2019-03-17 09:36:40 - path:/root/module/bin/data/daily/2019-03-17_Flow.csv
2019-03-17 09:36:44 - Pcap is listening...
2019-03-17 09:38:06 - Pcap stop listening
2019-03-17 09:38:06 - path:/root/module/bin/data/daily/2019-03-17_Flow.csv
2019-03-17 09:38:12 - Pcap is listening...
2019-03-17 09:39:03 - Pcap stop listening
2019-03-17 09:39:03 - path:/root/module/bin/data/daily/2019-03-17_Flow.csv
2019-03-17 09:39:05 - Pcap is listening...
2019-04-04 09:21:55 - Pcap is listening...
2019-04-04 09:45:19 - Pcap stop listening
2019-04-04 09:45:19 - path:/home/rahul/module/bin/data/daily/2019-04-04_Flow.csv
2019-04-04 09:47:33 - Pcap is listening...
2019-04-04 09:57:55 - Pcap stop listening
2019-04-04 09:57:55 - path:/home/rahul/module/bin/data/daily/2019-04-04_Flow.csv
2019-04-04 09:57:58 - Pcap is listening...
2019-04-04 09:58:45 - Pcap is listening...
2019-04-04 10:01:14 - Pcap is listening...
2019-04-04 10:13:37 - Pcap stop listening
2019-04-04 10:13:37 - path:/home/rahul/module/bin/data/daily/2019-04-04_Flow.csv
2019-04-08 08:51:48 - Pcap is listening...
2019-04-08 09:06:11 - Pcap stop listening
2019-04-08 09:06:11 - path:/home/rahul/module/bin/data/daily/2019-04-08_Flow.csv
2019-04-08 09:06:46 - Pcap is listening...
2019-04-08 09:10:31 - Pcap stop listening
2019-04-08 09:10:31 - path:/home/rahul/module/bin/data/daily/2019-04-08_Flow.csv
2019-04-08 09:21:11 - Pcap is listening...
2019-04-08 10:20:24 - Pcap is listening...
2019-04-08 10:42:53 - Pcap stop listening
2019-04-08 10:42:53 - path:/home/rahul/module/bin/data/daily/2019-04-08_Flow.csv
2019-04-08 10:43:37 - Pcap is listening...
2019-04-08 10:52:02 - Pcap is listening...
2019-04-08 11:16:23 - path:/home/rahul/module/bin/data/daily/2019-04-08_Flow.csv
2019-04-08 11:16:41 - Pcap is listening...
2019-04-08 11:22:42 - Pcap is listening...
2019-04-08 11:28:53 - Pcap stop listening
2019-04-08 11:28:53 - path:/home/rahul/module/bin/data/daily/2019-04-08_Flow.csv
2019-04-08 11:29:47 - Pcap is listening...
2019-04-08 11:32:24 - Pcap is listening...
2019-04-08 11:33:12 - Pcap stop listening
2019-04-08 11:33:12 - path:/home/rahul/module/bin/data/daily/2019-04-08_Flow.csv
2019-04-08 11:34:15 - Pcap is listening...
2019-04-08 11:35:07 - Pcap stop listening
2019-04-08 11:35:07 - path:/home/rahul/module/bin/data/daily/2019-04-08_Flow.csv
2019-04-08 11:36:32 - Pcap is listening...
2019-04-08 11:40:08 - Pcap is listening...
2019-04-08 11:43:21 - Pcap stop listening
2019-04-08 11:43:21 - path:/home/rahul/module/bin/data/daily/2019-04-08_Flow.csv
2019-04-08 11:44:35 - Pcap is listening...
2019-04-08 11:44:38 - Pcap stop listening
2019-04-08 11:44:38 - path:/home/rahul/module/bin/data/daily/2019-04-08_Flow.csv
2019-04-08 11:45:04 - Pcap is listening...
2019-04-08 11:46:17 - Pcap stop listening
2019-04-08 11:46:17 - path:/home/rahul/module/bin/data/daily/2019-04-08_Flow.csv
2019-04-08 11:47:40 - Pcap is listening...
2019-04-08 11:52:50 - Pcap stop listening
2019-04-08 11:52:50 - path:/home/rahul/module/bin/data/daily/2019-04-08_Flow.csv
2019-04-08 12:18:48 - path:/home/rahul/module/bin/data/daily/2019-04-08_Flow.csv
2019-04-09 11:26:28 - Pcap is listening...
2019-06-03 15:18:20 - open wlp3s0 fail -> wlp3s0: You don't have permission to capture on that device (socket: Operation not permitted)
2019-06-03 15:18:37 - path:/home/rahul/module/bin/data/daily/2019-06-03_Flow.csv
2019-06-03 15:20:06 - Pcap is listening...
2019-06-04 13:59:21 - Pcap is listening...
2019-06-04 13:59:59 - Pcap stop listening
2019-06-04 13:59:59 - path:/home/sagar/Project/module/bin/data/daily/2019-06-04_Flow.csv
2019-06-06 09:18:46 - Pcap is listening...
2019-06-06 10:11:37 - path:/home/sagar/Project/module/bin/data/daily/2019-06-06_Flow.csv
2019-06-06 10:12:37 - Pcap is listening...
2019-06-06 10:18:04 - Pcap stop listening
2019-06-06 10:18:04 - path:/home/sagar/Project/module/bin/data/daily/2019-06-06_Flow.csv
2019-06-06 10:18:35 - Pcap is listening...
2019-06-06 10:20:10 - Pcap stop listening
2019-06-06 10:20:10 - path:/home/sagar/Project/module/bin/data/daily/2019-06-06_Flow.csv
2019-06-06 10:20:29 - Pcap is listening...
2019-06-06 10:20:53 - Pcap stop listening
2019-06-06 10:20:54 - path:/home/sagar/Project/module/bin/data/daily/2019-06-06_Flow.csv
2019-06-06 10:27:43 - Pcap is listening...
2019-06-06 11:01:43 - Pcap stop listening
2019-06-06 11:01:43 - path:/home/sagar/Project/module/bin/data/daily/2019-06-06_Flow.csv
2019-06-06 11:11:00 - Pcap is listening...
2019-06-06 11:17:38 - Pcap stop listening
2019-06-06 11:17:38 - path:/home/sagar/Project/module/bin/data/daily/2019-06-06_Flow.csv
2019-06-06 11:19:47 - Pcap is listening...
2019-06-06 11:24:25 - Pcap stop listening
2019-06-06 11:24:25 - path:/home/sagar/Project/module/bin/data/daily/2019-06-06_Flow.csv
2019-06-06 11:25:11 - Pcap is listening...
2019-06-06 11:27:51 - Pcap stop listening
2019-06-06 11:27:51 - path:/home/sagar/Project/module/bin/data/daily/2019-06-06_Flow.csv
2019-06-06 11:28:40 - Pcap is listening...
2019-06-06 11:30:38 - Pcap stop listening
2019-06-06 11:30:38 - path:/home/sagar/Project/module/bin/data/daily/2019-06-06_Flow.csv
2019-06-06 11:31:14 - Pcap is listening...
2019-06-06 12:00:15 - path:/home/sagar/Project/module/bin/data/daily/2019-06-06_Flow.csv
2019-06-06 12:02:52 - Pcap is listening...
2019-06-06 12:06:09 - Pcap stop listening
2019-06-06 12:06:09 - path:/home/sagar/Project/module/bin/data/daily/2019-06-06_Flow.csv
2019-06-06 12:06:37 - Pcap is listening...
2019-06-06 12:07:32 - Pcap stop listening
2019-06-06 12:07:32 - path:/home/sagar/Project/module/bin/data/daily/2019-06-06_Flow.csv
2019-06-06 12:26:10 - Pcap is listening...
2019-06-06 12:27:51 - Pcap stop listening
2019-06-06 12:27:51 - path:/home/sagar/Project/module/bin/data/daily/2019-06-06_Flow.csv
2019-06-06 12:28:05 - Pcap is listening...
2019-06-06 12:33:29 - Pcap is listening...
2019-06-06 12:48:46 - Pcap stop listening
2019-06-06 12:48:46 - path:/home/sagar/Project/module/bin/data/daily/2019-06-06_Flow.csv
2019-06-06 12:48:51 - Pcap is listening...
2019-06-06 12:50:57 - Pcap stop listening
2019-06-06 12:50:57 - path:/home/sagar/Project/module/bin/data/daily/2019-06-06_Flow.csv
2019-06-06 12:51:17 - Pcap is listening...
2019-06-06 12:53:45 - Pcap stop listening
2019-06-06 12:53:45 - path:/home/sagar/Project/module/bin/data/daily/2019-06-06_Flow.csv
2019-06-06 12:54:17 - Pcap is listening...
2019-06-07 09:15:19 - Pcap is listening...
2019-06-07 09:16:31 - Pcap stop listening
2019-06-07 09:16:31 - path:/home/sagar/Project/module/bin/data/daily/2019-06-07_Flow.csv
2019-06-07 09:16:34 - path:/home/sagar/Project/module/bin/data/daily/2019-06-07_Flow.csv
2019-06-07 09:16:58 - Pcap is listening...
2019-06-07 09:26:06 - Pcap stop listening
2019-06-07 09:26:06 - path:/home/sagar/Project/module/bin/data/daily/2019-06-07_Flow.csv
2019-06-07 09:26:15 - Pcap is listening...
2019-06-07 09:39:04 - Pcap is listening...
2019-06-07 11:11:43 - Pcap is listening...
2019-06-07 11:18:31 - Pcap stop listening
2019-06-07 11:18:31 - path:/home/sagar/Project/module/bin/data/daily/2019-06-07_Flow.csv
2019-06-07 11:48:46 - path:/home/sagar/Project/module/bin/data/daily/2019-06-07_Flow.csv
2019-06-07 11:49:44 - Pcap is listening...
2019-06-07 12:03:22 - Pcap stop listening
2019-06-07 12:03:22 - path:/home/sagar/Project/module/bin/data/daily/2019-06-07_Flow.csv
2019-06-07 12:15:13 - Pcap is listening...
2019-06-07 12:31:43 - Pcap stop listening
2019-06-07 12:31:43 - path:/home/sagar/Project/module/bin/data/daily/2019-06-07_Flow.csv
2019-06-07 12:31:57 - Pcap is listening...
2019-06-07 12:32:26 - Pcap stop listening
2019-06-07 12:32:26 - path:/home/sagar/Project/module/bin/data/daily/2019-06-07_Flow.csv
2019-06-07 12:33:07 - Pcap is listening...
2019-06-07 12:36:52 - Pcap stop listening
2019-06-07 12:36:52 - path:/home/sagar/Project/module/bin/data/daily/2019-06-07_Flow.csv
